###############################################################################
#                                                                             #
# IAR ANSI C/C++ Compiler V6.40.2.53884/W32 for ARM     06/Feb/2015  13:53:10 #
# Copyright 1999-2012 IAR Systems AB.                                         #
#                                                                             #
#    Cpu mode     =  thumb                                                    #
#    Endian       =  little                                                   #
#    Source file  =  C:\Ember\EmberZNet5.3.0-GA\em35x\app\framework\util\attr #
#                    ibute-size.c                                             #
#    Command line =  C:\Ember\EmberZNet5.3.0-GA\em35x\app\framework\util\attr #
#                    ibute-size.c -D "GENERATED_TOKEN_HEADER=\"app/builder/Do #
#                    orSensor_SM6011/DoorSensor_SM6011_tokens.h\"" -D         #
#                    "ZA_GENERATED_HEADER=\"app/builder/DoorSensor_SM6011/Doo #
#                    rSensor_SM6011.h\"" -D LOCAL_STORAGE_BTL -D              #
#                    "BOARD_HEADER=\"app\builder\DoorSensor_SM6011\DoorSensor #
#                    _SM6011_board.h\"" -D "PLATFORM_HEADER=\"hal/micro/corte #
#                    xm3/compiler/iar.h\"" -D CORTEXM3 -D                     #
#                    CORTEXM3_EMBER_MICRO -D CORTEXM3_EM3585 -D PHY_EM3XX -D  #
#                    "APPLICATION_TOKEN_HEADER=\"app/framework/util/tokens.h\ #
#                    "" -D "CONFIGURATION_HEADER=\"app/framework/util/config. #
#                    h\"" -D "ATTRIBUTE_STORAGE_CONFIGURATION=\"app/builder/D #
#                    oorSensor_SM6011/DoorSensor_SM6011_endpoint_config.h\""  #
#                    -D "__SOURCEFILE__=\"attribute-size.c\"" -lC             #
#                    C:\Ember\EmberZNet5.3.0-GA\em35x\build\DoorSensor_SM6011 #
#                    \ --diag_suppress Pa050 -o C:\Ember\EmberZNet5.3.0-GA\em #
#                    35x\build\DoorSensor_SM6011\ --debug --endian=little     #
#                    --cpu=Cortex-M3 -e --fpu=None --dlib_config "C:\Program  #
#                    Files (x86)\IAR Systems\Embedded Workbench               #
#                    6.4\arm\INC\c\DLib_Config_Normal.h" -I                   #
#                    C:\Ember\EmberZNet5.3.0-GA\em35x\app\framework\util\ -I  #
#                    C:\Ember\EmberZNet5.3.0-GA\em35x\app\builder\DoorSensor_ #
#                    SM6011\ -I C:\Ember\EmberZNet5.3.0-GA\em35x\app\builder\ #
#                    DoorSensor_SM6011\..\..\..\ -I                           #
#                    C:\Ember\EmberZNet5.3.0-GA\em35x\app\builder\DoorSensor_ #
#                    SM6011\..\..\..\app\framework\include\ -I                #
#                    C:\Ember\EmberZNet5.3.0-GA\em35x\app\builder\DoorSensor_ #
#                    SM6011\..\..\..\ -I C:\Ember\EmberZNet5.3.0-GA\em35x\app #
#                    \builder\DoorSensor_SM6011\..\..\..\stack\ -I            #
#                    C:\Ember\EmberZNet5.3.0-GA\em35x\app\builder\DoorSensor_ #
#                    SM6011\..\..\..\hal\ -I C:\Ember\EmberZNet5.3.0-GA\em35x #
#                    \app\builder\DoorSensor_SM6011\..\..\..\hal\..\ -Ohz     #
#                    --use_c++_inline                                         #
#    List file    =  C:\Ember\EmberZNet5.3.0-GA\em35x\build\DoorSensor_SM6011 #
#                    \attribute-size.lst                                      #
#    Object file  =  C:\Ember\EmberZNet5.3.0-GA\em35x\build\DoorSensor_SM6011 #
#                    \attribute-size.o                                        #
#                                                                             #
#                                                                             #
###############################################################################

C:\Ember\EmberZNet5.3.0-GA\em35x\app\framework\util\attribute-size.c
      1          // *******************************************************************
      2          // * attribute-size.c
      3          // *
      4          // * Contains storage and function for retrieving attribute size.
      5          // *
      6          // * Copyright 2009 by Ember Corporation. All rights reserved.              *80*
      7          // *******************************************************************
      8          
      9          #include PLATFORM_HEADER
     10          
     11          #include "attribute-type.h"
     12          

   \                                 In section .text, align 4, keep-with-next
     13          static PGM int8u attributeSizes[] =
   \                     attributeSizes:
   \   00000000   0x19 0x02          DC8 25, 2, 27, 4, 29, 6, 24, 1, 16, 1, 8, 1, 49, 2, 48, 1, 240, 8, 41
   \              0x1B 0x04    
   \              0x1D 0x06    
   \              0x18 0x01    
   \              0x10 0x01    
   \              0x08 0x01    
   \              0x31 0x02    
   \              0x30 0x01    
   \              0xF0 0x08    
   \              0x29         
   \   00000013   0x02 0x21          DC8 2, 33, 2, 42, 3, 34, 3, 43, 4, 35, 4, 37, 6, 38, 7, 40, 1, 32, 1
   \              0x02 0x2A    
   \              0x03 0x22    
   \              0x03 0x2B    
   \              0x04 0x23    
   \              0x04 0x25    
   \              0x06 0x26    
   \              0x07 0x28    
   \              0x01 0x20    
   \              0x01         
   \   00000026   0xF1 0x10          DC8 241, 16, 224, 4, 226, 4
   \              0xE0 0x04    
   \              0xE2 0x04    
     14          {
     15          #include "attribute-size.h"
     16          };
     17          

   \                                 In section .text, align 2, keep-with-next
     18          int8u emberAfGetDataSize(int8u dataType) {
     19            int8u i;
     20            for (i = 0; i < sizeof(attributeSizes); i+=2) {
   \                     emberAfGetDataSize:
   \   00000000   0x2100             MOVS     R1,#+0
   \   00000002   0x.... 0x....      ADR.W    R2,attributeSizes
     21              if (attributeSizes[i] == dataType) {
   \                     ??emberAfGetDataSize_0:
   \   00000006   0x5C8B             LDRB     R3,[R1, R2]
   \   00000008   0x4283             CMP      R3,R0
   \   0000000A   0xD102             BNE.N    ??emberAfGetDataSize_1
     22                return attributeSizes[i + 1];
   \   0000000C   0x1888             ADDS     R0,R1,R2
   \   0000000E   0x7840             LDRB     R0,[R0, #+1]
   \   00000010   0x4770             BX       LR
     23              }
     24            }
   \                     ??emberAfGetDataSize_1:
   \   00000012   0x1C89             ADDS     R1,R1,#+2
   \   00000014   0x292C             CMP      R1,#+44
   \   00000016   0xD3F6             BCC.N    ??emberAfGetDataSize_0
     25          
     26            return 0;
   \   00000018   0x2000             MOVS     R0,#+0
   \   0000001A   0x4770             BX       LR               ;; return
     27          }
     28          

   Maximum stack usage in bytes:

   .cstack Function
   ------- --------
        0  emberAfGetDataSize


   Section sizes:

   Bytes  Function/Label
   -----  --------------
      44  attributeSizes
      28  emberAfGetDataSize

 
 72 bytes in section .text
 
 72 bytes of CODE memory

Errors: none
Warnings: none
