###############################################################################
#                                                                             #
# IAR ANSI C/C++ Compiler V6.40.2.53884/W32 for ARM     06/Feb/2015  13:52:55 #
# Copyright 1999-2012 IAR Systems AB.                                         #
#                                                                             #
#    Cpu mode     =  thumb                                                    #
#    Endian       =  little                                                   #
#    Source file  =  C:\Ember\EmberZNet5.3.0-GA\em35x\app\util\common\form-an #
#                    d-join-node-adapter.c                                    #
#    Command line =  C:\Ember\EmberZNet5.3.0-GA\em35x\app\util\common\form-an #
#                    d-join-node-adapter.c -D "GENERATED_TOKEN_HEADER=\"app/b #
#                    uilder/DoorSensor_SM6011/DoorSensor_SM6011_tokens.h\""   #
#                    -D "ZA_GENERATED_HEADER=\"app/builder/DoorSensor_SM6011/ #
#                    DoorSensor_SM6011.h\"" -D LOCAL_STORAGE_BTL -D           #
#                    "BOARD_HEADER=\"app\builder\DoorSensor_SM6011\DoorSensor #
#                    _SM6011_board.h\"" -D "PLATFORM_HEADER=\"hal/micro/corte #
#                    xm3/compiler/iar.h\"" -D CORTEXM3 -D                     #
#                    CORTEXM3_EMBER_MICRO -D CORTEXM3_EM3585 -D PHY_EM3XX -D  #
#                    "APPLICATION_TOKEN_HEADER=\"app/framework/util/tokens.h\ #
#                    "" -D "CONFIGURATION_HEADER=\"app/framework/util/config. #
#                    h\"" -D "ATTRIBUTE_STORAGE_CONFIGURATION=\"app/builder/D #
#                    oorSensor_SM6011/DoorSensor_SM6011_endpoint_config.h\""  #
#                    -D "__SOURCEFILE__=\"form-and-join-node-adapter.c\""     #
#                    -lC C:\Ember\EmberZNet5.3.0-GA\em35x\build\DoorSensor_SM #
#                    6011\ --diag_suppress Pa050 -o                           #
#                    C:\Ember\EmberZNet5.3.0-GA\em35x\build\DoorSensor_SM6011 #
#                    \ --debug --endian=little --cpu=Cortex-M3 -e --fpu=None  #
#                    --dlib_config "C:\Program Files (x86)\IAR                #
#                    Systems\Embedded Workbench 6.4\arm\INC\c\DLib_Config_Nor #
#                    mal.h" -I C:\Ember\EmberZNet5.3.0-GA\em35x\app\util\comm #
#                    on\ -I C:\Ember\EmberZNet5.3.0-GA\em35x\app\builder\Door #
#                    Sensor_SM6011\ -I C:\Ember\EmberZNet5.3.0-GA\em35x\app\b #
#                    uilder\DoorSensor_SM6011\..\..\..\ -I                    #
#                    C:\Ember\EmberZNet5.3.0-GA\em35x\app\builder\DoorSensor_ #
#                    SM6011\..\..\..\app\framework\include\ -I                #
#                    C:\Ember\EmberZNet5.3.0-GA\em35x\app\builder\DoorSensor_ #
#                    SM6011\..\..\..\ -I C:\Ember\EmberZNet5.3.0-GA\em35x\app #
#                    \builder\DoorSensor_SM6011\..\..\..\stack\ -I            #
#                    C:\Ember\EmberZNet5.3.0-GA\em35x\app\builder\DoorSensor_ #
#                    SM6011\..\..\..\hal\ -I C:\Ember\EmberZNet5.3.0-GA\em35x #
#                    \app\builder\DoorSensor_SM6011\..\..\..\hal\..\ -Ohz     #
#                    --use_c++_inline                                         #
#    List file    =  C:\Ember\EmberZNet5.3.0-GA\em35x\build\DoorSensor_SM6011 #
#                    \form-and-join-node-adapter.lst                          #
#    Object file  =  C:\Ember\EmberZNet5.3.0-GA\em35x\build\DoorSensor_SM6011 #
#                    \form-and-join-node-adapter.o                            #
#                                                                             #
#                                                                             #
###############################################################################

C:\Ember\EmberZNet5.3.0-GA\em35x\app\util\common\form-and-join-node-adapter.c
      1          // File: form-and-join-node-adapter.c
      2          //
      3          // Description: this file adapts the form-and-join library to work
      4          // directly on the Zigbee SoC processor (eg, EM250).
      5          
      6          #include PLATFORM_HEADER     // Micro and compiler specific typedefs and macros
      7          
      8          #include "stack/include/ember.h"
      9          #include "hal/hal.h" // for ATOMIC() 
     10          #include "form-and-join.h"
     11          #include "form-and-join-adapter.h"
     12          
     13          #if defined(EMBER_SCRIPTED_TEST)
     14            #define HIDDEN
     15          #else
     16            #define HIDDEN static
     17          #endif
     18          
     19          // We use message buffers for caching energy scan results,
     20          // pan id candidates, and joinable beacons.

   \                                 In section .data, align 4
     21          HIDDEN EmberMessageBuffer dataCache = EMBER_NULL_MESSAGE_BUFFER;
   \                     dataCache:
   \   00000000   0xFF               DC8 255
   \   00000001   0x00 0x00          DC8 0, 0, 0
   \              0x00         
     22          
     23          HIDDEN EmberEventControl cleanupEvent;
   \                     cleanupEvent:
   \   00000004   0x00 0x00          DC8 0, 0, 0, 0, 0, 0, 0, 0
   \              0x00 0x00    
   \              0x00 0x00    
   \              0x00 0x00    
     24          #define CLEANUP_TIMEOUT_QS 120
     25          

   \                                 In section .text, align 2, keep-with-next
     26          int8u formAndJoinStackProfile(void)
     27          {
     28            return emberStackProfile();
   \                     formAndJoinStackProfile:
   \   00000000   0x.... 0x....      B.W      emberStackProfile
     29          }
     30          
     31          // We're relying on the fact that message buffers are a multiple of 16 bytes
     32          // in size, so that NetworkInfo records do not cross buffer boundaries.

   \                                 In section .text, align 2, keep-with-next
     33          NetworkInfo *formAndJoinGetNetworkPointer(int8u index)
     34          {
     35            return (NetworkInfo *) emberGetLinkedBuffersPointer(dataCache,
     36                                                                index << NETWORK_STORAGE_SIZE_SHIFT);
   \                     formAndJoinGetNetworkPointer:
   \   00000000   0x0101             LSLS     R1,R0,#+4
   \   00000002   0xB2C9             UXTB     R1,R1
   \   00000004   0x....             LDR.N    R0,??DataTable8
   \   00000006   0x7800             LDRB     R0,[R0, #+0]
   \   00000008   0x.... 0x....      B.W      emberGetLinkedBuffersPointer
     37          }
     38          

   \                                 In section .text, align 2, keep-with-next
     39          void formAndJoinSetCleanupTimeout(void)
     40          {
     41            emberEventControlSetDelayQS(cleanupEvent, CLEANUP_TIMEOUT_QS);
   \                     formAndJoinSetCleanupTimeout:
   \   00000000   0x2178             MOVS     R1,#+120
   \   00000002   0x....             LDR.N    R0,??DataTable8_1
   \   00000004   0x.... 0x....      B.W      emEventControlSetDelayQS
     42          }
     43          

   \                                 In section .text, align 2, keep-with-next
     44          int8u *formAndJoinAllocateBuffer(void)
     45          {
   \                     formAndJoinAllocateBuffer:
   \   00000000   0xB580             PUSH     {R7,LR}
     46            dataCache = emberAllocateStackBuffer();
   \   00000002   0x2001             MOVS     R0,#+1
   \   00000004   0x.... 0x....      BL       emberAllocateLinkedBuffers
   \   00000008   0x....             LDR.N    R1,??DataTable8
   \   0000000A   0x7008             STRB     R0,[R1, #+0]
     47            return (dataCache == EMBER_NULL_MESSAGE_BUFFER
     48                    ? NULL
     49                    : emberMessageBufferContents(dataCache));
   \   0000000C   0x28FF             CMP      R0,#+255
   \   0000000E   0xBF1C             ITT      NE 
   \   00000010   0xE8BD 0x4002      POPNE    {R1,LR}
   \   00000014   0x.... 0x....      BNE.W    emberMessageBufferContents
   \   00000018   0x2000             MOVS     R0,#+0
   \   0000001A   0xBD02             POP      {R1,PC}
     50          }
     51          
     52          // Set the dataCache length in terms of the number of NetworkInfo entries.
     53          

   \                                 In section .text, align 2, keep-with-next
     54          EmberStatus formAndJoinSetBufferLength(int8u entryCount)
     55          {
     56            // Don't store more networks than our storage method can accommodate.
     57            if (entryCount > FORM_AND_JOIN_MAX_NETWORKS )
   \                     formAndJoinSetBufferLength:
   \   00000000   0x2810             CMP      R0,#+16
   \   00000002   0xD301             BCC.N    ??formAndJoinSetBufferLength_0
     58            {
     59              return EMBER_INVALID_CALL;
   \   00000004   0x2070             MOVS     R0,#+112
   \   00000006   0x4770             BX       LR
     60            }
     61          
     62            return emberSetLinkedBuffersLength(dataCache,  
     63                                               entryCount << NETWORK_STORAGE_SIZE_SHIFT);
   \                     ??formAndJoinSetBufferLength_0:
   \   00000008   0x0101             LSLS     R1,R0,#+4
   \   0000000A   0xB2C9             UXTB     R1,R1
   \   0000000C   0x....             LDR.N    R0,??DataTable8
   \   0000000E   0x7800             LDRB     R0,[R0, #+0]
   \   00000010   0x.... 0x....      B.W      emberSetLinkedBuffersLength
     64          }
     65          

   \                                 In section .text, align 2, keep-with-next
     66          void formAndJoinReleaseBuffer(void)
     67          {
   \                     formAndJoinReleaseBuffer:
   \   00000000   0xB510             PUSH     {R4,LR}
     68            if (dataCache != EMBER_NULL_MESSAGE_BUFFER) {
   \   00000002   0x....             LDR.N    R4,??DataTable8
   \   00000004   0x7820             LDRB     R0,[R4, #+0]
   \   00000006   0x28FF             CMP      R0,#+255
   \   00000008   0xD003             BEQ.N    ??formAndJoinReleaseBuffer_0
     69              emberReleaseMessageBuffer(dataCache);
   \   0000000A   0x.... 0x....      BL       emReleaseMessageBuffer
     70              dataCache = EMBER_NULL_MESSAGE_BUFFER;
   \   0000000E   0x20FF             MOVS     R0,#+255
   \   00000010   0x7020             STRB     R0,[R4, #+0]
     71            }
     72            emberEventControlSetInactive(cleanupEvent);
   \                     ??formAndJoinReleaseBuffer_0:
   \   00000012   0x2000             MOVS     R0,#+0
   \   00000014   0x7120             STRB     R0,[R4, #+4]
     73          }
   \   00000016   0xBD10             POP      {R4,PC}          ;; return
     74          

   \                                 In section .text, align 2, keep-with-next
     75          static void cleanupEventHandler(void)
     76          {
     77            emberEventControlSetInactive(cleanupEvent);
   \                     cleanupEventHandler:
   \   00000000   0x....             LDR.N    R0,??DataTable8
   \   00000002   0x2100             MOVS     R1,#+0
   \   00000004   0x7101             STRB     R1,[R0, #+4]
     78            emberFormAndJoinCleanup(EMBER_SUCCESS);
   \   00000006   0x2000             MOVS     R0,#+0
   \   00000008   0x.... 0x....      B.W      emberFormAndJoinCleanup
     79          }
     80          

   \                                 In section .text, align 4, keep-with-next
     81          static EmberEventData formAndJoinEvents[] =
   \                     formAndJoinEvents:
   \   00000000   0x........         DC32 cleanupEvent, cleanupEventHandler, 0H, 0H
   \              0x........   
   \              0x00000000   
   \              0x00000000   
     82            {
     83              { &cleanupEvent, cleanupEventHandler },
     84              { NULL, NULL }       // terminator
     85            };
     86          

   \                                 In section .text, align 2, keep-with-next
     87          void emberFormAndJoinTick(void)
     88          {
     89            emberRunEvents(formAndJoinEvents);
   \                     emberFormAndJoinTick:
   \   00000000   0x.... 0x....      ADR.W    R0,formAndJoinEvents
   \   00000004   0x.... 0x....      B.W      emberRunEvents
     90          }
     91          

   \                                 In section .bss, align 1
     92          static EmberTaskId formAndJoinTask;
   \                     formAndJoinTask:
   \   00000000                      DS8 1
     93          

   \                                 In section .text, align 2, keep-with-next
     94          void emberFormAndJoinTaskInit(void)
     95          {
   \                     emberFormAndJoinTaskInit:
   \   00000000   0xB580             PUSH     {R7,LR}
     96            formAndJoinTask = emberTaskInit(formAndJoinEvents);
   \   00000002   0x.... 0x....      ADR.W    R0,formAndJoinEvents
   \   00000006   0x.... 0x....      BL       emberTaskInit
   \   0000000A   0x....             LDR.N    R1,??DataTable8_2
   \   0000000C   0x7008             STRB     R0,[R1, #+0]
     97          }
   \   0000000E   0xBD01             POP      {R0,PC}          ;; return
     98          

   \                                 In section .text, align 2, keep-with-next
     99          void emberFormAndJoinRunTask(void)
    100          {
   \                     emberFormAndJoinRunTask:
   \   00000000   0xB538             PUSH     {R3-R5,LR}
    101            emberRunTask(formAndJoinTask);
   \   00000002   0x....             LDR.N    R4,??DataTable8_2
   \   00000004   0x7820             LDRB     R0,[R4, #+0]
   \   00000006   0x.... 0x....      BL       emberRunTask
    102            ATOMIC(
    103              // Its always safe to idle this task since it only depends on the event
    104              emberMarkTaskIdle(formAndJoinTask);
    105            )
   \   0000000A   0x.... 0x....      BL       _disableBasePri
   \   0000000E   0x4605             MOV      R5,R0
   \   00000010   0x7820             LDRB     R0,[R4, #+0]
   \   00000012   0x.... 0x....      BL       emberMarkTaskIdle
   \   00000016   0x4628             MOV      R0,R5
   \   00000018   0xE8BD 0x4032      POP      {R1,R4,R5,LR}
   \   0000001C   0x.... 0x....      B.W      _writeBasePri
    106          }

   \                                 In section .text, align 4, keep-with-next
   \                     ??DataTable8:
   \   00000000   0x........         DC32     dataCache

   \                                 In section .text, align 4, keep-with-next
   \                     ??DataTable8_1:
   \   00000000   0x........         DC32     dataCache+0x4

   \                                 In section .text, align 4, keep-with-next
   \                     ??DataTable8_2:
   \   00000000   0x........         DC32     formAndJoinTask

   Maximum stack usage in bytes:

   .cstack Function
   ------- --------
        0  cleanupEventHandler
              0 -> emberFormAndJoinCleanup
       16  emberFormAndJoinRunTask
             16 -> _disableBasePri
              0 -> _writeBasePri
             16 -> emberMarkTaskIdle
             16 -> emberRunTask
        8  emberFormAndJoinTaskInit
              8 -> emberTaskInit
        0  emberFormAndJoinTick
              0 -> emberRunEvents
        8  formAndJoinAllocateBuffer
              8 -> emberAllocateLinkedBuffers
              8 -> emberMessageBufferContents
        0  formAndJoinGetNetworkPointer
              0 -> emberGetLinkedBuffersPointer
        8  formAndJoinReleaseBuffer
              8 -> emReleaseMessageBuffer
        0  formAndJoinSetBufferLength
              0 -> emberSetLinkedBuffersLength
        0  formAndJoinSetCleanupTimeout
              0 -> emEventControlSetDelayQS
        0  formAndJoinStackProfile
              0 -> emberStackProfile


   Section sizes:

   Bytes  Function/Label
   -----  --------------
       4  ??DataTable8
       4  ??DataTable8_1
       4  ??DataTable8_2
      12  cleanupEventHandler
      12  dataCache
          cleanupEvent
      32  emberFormAndJoinRunTask
      16  emberFormAndJoinTaskInit
       8  emberFormAndJoinTick
      28  formAndJoinAllocateBuffer
      16  formAndJoinEvents
      12  formAndJoinGetNetworkPointer
      24  formAndJoinReleaseBuffer
      20  formAndJoinSetBufferLength
       8  formAndJoinSetCleanupTimeout
       4  formAndJoinStackProfile
       1  formAndJoinTask

 
   1 byte  in section .bss
  12 bytes in section .data
 192 bytes in section .text
 
 192 bytes of CODE memory
  13 bytes of DATA memory

Errors: none
Warnings: none
