###############################################################################
#                                                                             #
#     IAR Assembler V6.40.2.53884/W32 for ARM 04/Feb/2015  16:37:59           #
#     Copyright 1999-2012 IAR Systems AB.                                     #
#                                                                             #
#           Source file   =  C:\Ember\EmberZNet5.3.0-GA\em35x\hal\micro\cortexm3\isr-stubs.s79#
#           List file     =  C:\Ember\EmberZNet5.3.0-GA\em35x\build\DoorSensor_SM6011\isr-stubs.lst#
#           Object file   =  C:\Ember\EmberZNet5.3.0-GA\em35x\build\DoorSensor_SM6011\isr-stubs.o#
#           Command line  =  C:\Ember\EmberZNet5.3.0-GA\em35x\hal\micro\cortexm3\isr-stubs.s79 #
#                            -OC:\Ember\EmberZNet5.3.0-GA\em35x\build\DoorSensor_SM6011\ #
#                            -s+ -M<> -w+ -r                                  #
#                            -DGENERATED_TOKEN_HEADER="app/builder/DoorSensor_SM6011/DoorSensor_SM6011_tokens.h" #
#                            -DZA_GENERATED_HEADER="app/builder/DoorSensor_SM6011/DoorSensor_SM6011.h" #
#                            -DLOCAL_STORAGE_BTL                              #
#                            -DBOARD_HEADER="app\builder\DoorSensor_SM6011\DoorSensor_SM6011_board.h" #
#                            -DPLATFORM_HEADER="hal/micro/cortexm3/compiler/iar.h" #
#                            -DCORTEXM3 -DCORTEXM3_EMBER_MICRO                #
#                            -DCORTEXM3_EM3585 -DPHY_EM3XX                    #
#                            -DAPPLICATION_TOKEN_HEADER="app/framework/util/tokens.h" #
#                            -DCONFIGURATION_HEADER="app/framework/util/config.h" #
#                            -DATTRIBUTE_STORAGE_CONFIGURATION="app/builder/DoorSensor_SM6011/DoorSensor_SM6011_endpoint_config.h" #
#                            -LC:\Ember\EmberZNet5.3.0-GA\em35x\build\DoorSensor_SM6011\ #
#                            -t2 --cpu Cortex-M3 --fpu None                   #
#                            -IC:\Ember\EmberZNet5.3.0-GA\em35x\hal\micro\cortexm3\ #
#                            -IC:\Ember\EmberZNet5.3.0-GA\em35x\app\builder\DoorSensor_SM6011\ #
#                            -IC:\Ember\EmberZNet5.3.0-GA\em35x\app\builder\DoorSensor_SM6011\..\..\..\ #
#                            -IC:\Ember\EmberZNet5.3.0-GA\em35x\app\builder\DoorSensor_SM6011\..\..\..\ #
#                            -IC:\Ember\EmberZNet5.3.0-GA\em35x\app\builder\DoorSensor_SM6011\..\..\..\stack\ #
#                            -IC:\Ember\EmberZNet5.3.0-GA\em35x\app\builder\DoorSensor_SM6011\..\..\..\hal\ #
#                            -IC:\Ember\EmberZNet5.3.0-GA\em35x\app\builder\DoorSensor_SM6011\..\..\..\hal\..\ #
#                                                                             #
###############################################################################

    1                           //--------------------------------------------
                                ----------------------------------
    2                           // @file hal/micro/cortexm3/isr-stubs.s79
    3                           // @brief Stubs for all exception handlers
                                 (ISRs)
    4                           // 
    5                           // NOTE: You should NOT have to change this
                                 file to instatiate your own ISR!
    6                           //
    7                           // By providing a *weak* function here, every
                                 vector in the interrupt table is
    8                           // guaranteed to be defined.  These functions
                                 will be overridden during link
    9                           // time whenever the same function (symbol)
                                 name is used normally in another
   10                           // source file.
   11                           //
   12                           // RESULT:  Simply define whichever ISRs you
                                 need in your application and this
   13                           // file will fill in the gaps during
                                 linking.
   14                           //
   15                           // Author: Brooks Barrett
   16                           // Copyright 2007 by Ember Corporation. All
                                 rights reserved.                *80*
   17                           //--------------------------------------------
                                ----------------------------------
   18                           
   19                           //Normally the default NVIC_CONFIG file would
                                 be defined in the PLATFORM_HEADER
   20                           //but this assembly file does not include the
                                 PLATFORM_HEADER (it can't
   21                           //because this is assembly, and the header is
                                 for c).
   22                           #ifndef NVIC_CONFIG
   23                             #define NVIC_CONFIG "hal/micro/cortexm3/nvic
                                -config.h"
   24                           #endif
   25                           #include "compiler/asm.h"
   26                           
   27                           // NOTE: Any use of white space in this file
                                 is ignored by the preprocessor.
   28                           //       Since assembly files have white space
                                 requirements, the white space
   29                           //       needed is implemented in the
                                 nvic-config.h file itself.
   30                           
   31                           #define EXCEPTION(vectorNumber, functionName,
                                 priorityLevel) \
   33                           #define PERM_EXCEPTION(vectorNumber,
                                 functionName, priorityLevel)
   34                           #include NVIC_CONFIG
   35                           #undef  PERM_EXCEPTION
   36                           #undef  EXCEPTION
   37                           
   38                           
   39                           
   40                           #define SEGMENT() \
   42                           #define SEGMENT2() \
   44                           #define EXCEPTION(vectorNumber, functionName,
                                 priorityLevel) \
   46                           #define PERM_EXCEPTION(vectorNumber,
                                 functionName, priorityLevel)
   47                           #include NVIC_CONFIG
   48                           #undef  PERM_EXCEPTION
   49                           #undef  EXCEPTION
   50                           
   51                           
   52                           // Every function defined above will reference
                                 the following code
   53                           // Since each function is still defined
                                 PUBWEAK with its own segment, the
   54                           // linker will still do it's job and stub out
                                 only the functions that need it.
   55                           // By having all the stubs reference the same
                                 code, we save 96 bytes!
   56                                   __IMPORT__ uninitializedIsr
   57    00000000 ........              B   uninitializedIsr
   58                           
   59                           
   60                                   __END__
##############################
#           CRC:0            #
#        Errors:   0         #
#        Warnings: 0         #
#          Bytes: 4          #
##############################



