###############################################################################
#                                                                             #
# IAR ANSI C/C++ Compiler V6.40.2.53884/W32 for ARM     06/Feb/2015  13:53:48 #
# Copyright 1999-2012 IAR Systems AB.                                         #
#                                                                             #
#    Cpu mode     =  thumb                                                    #
#    Endian       =  little                                                   #
#    Source file  =  C:\Ember\EmberZNet5.3.0-GA\em35x\hal\micro\generic\rando #
#                    m.c                                                      #
#    Command line =  C:\Ember\EmberZNet5.3.0-GA\em35x\hal\micro\generic\rando #
#                    m.c -D "GENERATED_TOKEN_HEADER=\"app/builder/DoorSensor_ #
#                    SM6011/DoorSensor_SM6011_tokens.h\"" -D                  #
#                    "ZA_GENERATED_HEADER=\"app/builder/DoorSensor_SM6011/Doo #
#                    rSensor_SM6011.h\"" -D LOCAL_STORAGE_BTL -D              #
#                    "BOARD_HEADER=\"app\builder\DoorSensor_SM6011\DoorSensor #
#                    _SM6011_board.h\"" -D "PLATFORM_HEADER=\"hal/micro/corte #
#                    xm3/compiler/iar.h\"" -D CORTEXM3 -D                     #
#                    CORTEXM3_EMBER_MICRO -D CORTEXM3_EM3585 -D PHY_EM3XX -D  #
#                    "APPLICATION_TOKEN_HEADER=\"app/framework/util/tokens.h\ #
#                    "" -D "CONFIGURATION_HEADER=\"app/framework/util/config. #
#                    h\"" -D "ATTRIBUTE_STORAGE_CONFIGURATION=\"app/builder/D #
#                    oorSensor_SM6011/DoorSensor_SM6011_endpoint_config.h\""  #
#                    -D "__SOURCEFILE__=\"random.c\"" -lC                     #
#                    C:\Ember\EmberZNet5.3.0-GA\em35x\build\DoorSensor_SM6011 #
#                    \ --diag_suppress Pa050 -o C:\Ember\EmberZNet5.3.0-GA\em #
#                    35x\build\DoorSensor_SM6011\ --debug --endian=little     #
#                    --cpu=Cortex-M3 -e --fpu=None --dlib_config "C:\Program  #
#                    Files (x86)\IAR Systems\Embedded Workbench               #
#                    6.4\arm\INC\c\DLib_Config_Normal.h" -I                   #
#                    C:\Ember\EmberZNet5.3.0-GA\em35x\hal\micro\generic\ -I   #
#                    C:\Ember\EmberZNet5.3.0-GA\em35x\app\builder\DoorSensor_ #
#                    SM6011\ -I C:\Ember\EmberZNet5.3.0-GA\em35x\app\builder\ #
#                    DoorSensor_SM6011\..\..\..\ -I                           #
#                    C:\Ember\EmberZNet5.3.0-GA\em35x\app\builder\DoorSensor_ #
#                    SM6011\..\..\..\app\framework\include\ -I                #
#                    C:\Ember\EmberZNet5.3.0-GA\em35x\app\builder\DoorSensor_ #
#                    SM6011\..\..\..\ -I C:\Ember\EmberZNet5.3.0-GA\em35x\app #
#                    \builder\DoorSensor_SM6011\..\..\..\stack\ -I            #
#                    C:\Ember\EmberZNet5.3.0-GA\em35x\app\builder\DoorSensor_ #
#                    SM6011\..\..\..\hal\ -I C:\Ember\EmberZNet5.3.0-GA\em35x #
#                    \app\builder\DoorSensor_SM6011\..\..\..\hal\..\ -Ohz     #
#                    --use_c++_inline                                         #
#    List file    =  C:\Ember\EmberZNet5.3.0-GA\em35x\build\DoorSensor_SM6011 #
#                    \random.lst                                              #
#    Object file  =  C:\Ember\EmberZNet5.3.0-GA\em35x\build\DoorSensor_SM6011 #
#                    \random.o                                                #
#                                                                             #
#                                                                             #
###############################################################################

C:\Ember\EmberZNet5.3.0-GA\em35x\hal\micro\generic\random.c
      1          /*
      2           * File: hal/micro/generic/random.c
      3           * Description: Generic source for random number functions.
      4           *
      5           * Author(s): Lee Taylor, lee@ember.com,
      6           *            Jeff Mathews, jm@ember.com
      7           *
      8           * Copyright 2007 by Ember Corporation. All rights reserved.                *80*
      9           */
     10          
     11          #include PLATFORM_HEADER
     12          #include "stack/include/ember-types.h"
     13          #include "hal/hal.h"
     14          
     15          ////////////////////////

   \                                 In section .data, align 2
     16          int16u seed0 = 0xbeef;
   \                     seed0:
   \   00000000   0xBEEF             DC16 48879
     17          int16u seed1 = 0xface;
   \                     seed1:
   \   00000002   0xFACE             DC16 64206
     18          

   \                                 In section .text, align 2, keep-with-next
     19          void halStackSeedRandom(int32u seed) 
     20          {
     21            seed0 = (int16u) seed;
     22            if (seed0 == 0)
   \                     halStackSeedRandom:
   \   00000000   0xB281             UXTH     R1,R0
   \   00000002   0xB909             CBNZ.N   R1,??halStackSeedRandom_0
     23              seed0 = 0xbeef;
   \   00000004   0xF64B 0x61EF      MOVW     R1,#+48879
   \                     ??halStackSeedRandom_0:
   \   00000008   0x....             LDR.N    R2,??DataTable1
   \   0000000A   0x8011             STRH     R1,[R2, #+0]
     24            seed1 = (int16u) (seed >> 16);
   \   0000000C   0x0C00             LSRS     R0,R0,#+16
     25            if (seed1 == 0)
   \   0000000E   0xBF08             IT       EQ 
   \   00000010   0xF64F 0x20CE      MOVWEQ   R0,#+64206
     26              seed1 = 0xface;
   \   00000014   0x8050             STRH     R0,[R2, #+2]
     27          }
   \   00000016   0x4770             BX       LR               ;; return
     28          
     29          /*
     30            the stdlib rand() takes about 2.25ms @3.68MHz on the AVR
     31            hell- you can run an software implimentation AES cipher block in 1.5ms!
     32            obviously an LFSR method is much faster (12us on a 4MHz 128AVR actually).
     33            in the FPGA we did the first poly you see here but on a 32bit seed, 
     34            taking only the msb word, but we quickly noticed a sequential nature 
     35            in the output. so at each random number generation we actually ran the 
     36            LFSR 16 times. we can avoid that but still remove the sequential nature 
     37            and get a good looking spread by running two LFSRs and XORing them.
     38          */
     39          
     40          // ** NOTE: we might consider replacing the pseudo rng generation by
     41          // LFSR with something like SCG, LCG, or ACG - if the time trade off
     42          // is acceptable.
     43          

   \                                 In section .text, align 2, keep-with-next
     44          static int16u shift(int16u *val, int16u taps)
     45          {
     46            int16u newVal = *val;
   \                     shift:
   \   00000000   0x8802             LDRH     R2,[R0, #+0]
     47          
     48            if (newVal & 0x8000)
   \   00000002   0x0413             LSLS     R3,R2,#+16
   \   00000004   0xBF48             IT       MI 
   \   00000006   0x404A             EORMI    R2,R1,R2
     49              newVal ^= taps;
     50            *val = newVal << 1;
   \   00000008   0x0051             LSLS     R1,R2,#+1
   \   0000000A   0x8001             STRH     R1,[R0, #+0]
     51            return newVal;
   \   0000000C   0x4610             MOV      R0,R2
   \   0000000E   0x4770             BX       LR               ;; return
     52          }
     53          

   \                                 In section .text, align 2, keep-with-next
     54          int16u halCommonGetRandom(void)
     55          {
   \                     halCommonGetRandom:
   \   00000000   0xB538             PUSH     {R3-R5,LR}
     56            return (shift(&seed0, 0x0062)
     57                    ^ shift(&seed1, 0x100B));
   \   00000002   0x....             LDR.N    R4,??DataTable1
   \   00000004   0x2162             MOVS     R1,#+98
   \   00000006   0x4620             MOV      R0,R4
   \   00000008   0x.... 0x....      BL       shift
   \   0000000C   0x4605             MOV      R5,R0
   \   0000000E   0xF241 0x010B      MOVW     R1,#+4107
   \   00000012   0x1CA0             ADDS     R0,R4,#+2
   \   00000014   0x.... 0x....      BL       shift
   \   00000018   0x4068             EORS     R0,R0,R5
   \   0000001A   0xBD32             POP      {R1,R4,R5,PC}    ;; return
     58          }

   \                                 In section .text, align 4, keep-with-next
   \                     ??DataTable1:
   \   00000000   0x........         DC32     seed0
     59          

   Maximum stack usage in bytes:

   .cstack Function
   ------- --------
       16  halCommonGetRandom
             16 -> shift
        0  halStackSeedRandom
        0  shift


   Section sizes:

   Bytes  Function/Label
   -----  --------------
       4  ??DataTable1
      28  halCommonGetRandom
      24  halStackSeedRandom
       4  seed0
          seed1
      16  shift

 
  4 bytes in section .data
 72 bytes in section .text
 
 72 bytes of CODE memory
  4 bytes of DATA memory

Errors: none
Warnings: none
