###############################################################################
#                                                                             #
# IAR ANSI C/C++ Compiler V6.40.2.53884/W32 for ARM     04/Feb/2015  16:38:09 #
# Copyright 1999-2012 IAR Systems AB.                                         #
#                                                                             #
#    Cpu mode     =  thumb                                                    #
#    Endian       =  little                                                   #
#    Source file  =  C:\Ember\EmberZNet5.3.0-GA\em35x\app\framework\plugin\re #
#                    porting\reporting-cli.c                                  #
#    Command line =  C:\Ember\EmberZNet5.3.0-GA\em35x\app\framework\plugin\re #
#                    porting\reporting-cli.c -D "GENERATED_TOKEN_HEADER=\"app #
#                    /builder/DoorSensor_SM6011/DoorSensor_SM6011_tokens.h\"" #
#                     -D "ZA_GENERATED_HEADER=\"app/builder/DoorSensor_SM6011 #
#                    /DoorSensor_SM6011.h\"" -D LOCAL_STORAGE_BTL -D          #
#                    "BOARD_HEADER=\"app\builder\DoorSensor_SM6011\DoorSensor #
#                    _SM6011_board.h\"" -D "PLATFORM_HEADER=\"hal/micro/corte #
#                    xm3/compiler/iar.h\"" -D CORTEXM3 -D                     #
#                    CORTEXM3_EMBER_MICRO -D CORTEXM3_EM3585 -D PHY_EM3XX -D  #
#                    "APPLICATION_TOKEN_HEADER=\"app/framework/util/tokens.h\ #
#                    "" -D "CONFIGURATION_HEADER=\"app/framework/util/config. #
#                    h\"" -D "ATTRIBUTE_STORAGE_CONFIGURATION=\"app/builder/D #
#                    oorSensor_SM6011/DoorSensor_SM6011_endpoint_config.h\""  #
#                    -D "__SOURCEFILE__=\"reporting-cli.c\"" -lC              #
#                    C:\Ember\EmberZNet5.3.0-GA\em35x\build\DoorSensor_SM6011 #
#                    \ --diag_suppress Pa050 -o C:\Ember\EmberZNet5.3.0-GA\em #
#                    35x\build\DoorSensor_SM6011\ --debug --endian=little     #
#                    --cpu=Cortex-M3 -e --fpu=None --dlib_config "C:\Program  #
#                    Files (x86)\IAR Systems\Embedded Workbench               #
#                    6.4\arm\INC\c\DLib_Config_Normal.h" -I                   #
#                    C:\Ember\EmberZNet5.3.0-GA\em35x\app\framework\plugin\re #
#                    porting\ -I C:\Ember\EmberZNet5.3.0-GA\em35x\app\builder #
#                    \DoorSensor_SM6011\ -I C:\Ember\EmberZNet5.3.0-GA\em35x\ #
#                    app\builder\DoorSensor_SM6011\..\..\..\ -I               #
#                    C:\Ember\EmberZNet5.3.0-GA\em35x\app\builder\DoorSensor_ #
#                    SM6011\..\..\..\app\framework\include\ -I                #
#                    C:\Ember\EmberZNet5.3.0-GA\em35x\app\builder\DoorSensor_ #
#                    SM6011\..\..\..\ -I C:\Ember\EmberZNet5.3.0-GA\em35x\app #
#                    \builder\DoorSensor_SM6011\..\..\..\stack\ -I            #
#                    C:\Ember\EmberZNet5.3.0-GA\em35x\app\builder\DoorSensor_ #
#                    SM6011\..\..\..\hal\ -I C:\Ember\EmberZNet5.3.0-GA\em35x #
#                    \app\builder\DoorSensor_SM6011\..\..\..\hal\..\ -Ohz     #
#                    --use_c++_inline                                         #
#    List file    =  C:\Ember\EmberZNet5.3.0-GA\em35x\build\DoorSensor_SM6011 #
#                    \reporting-cli.lst                                       #
#    Object file  =  C:\Ember\EmberZNet5.3.0-GA\em35x\build\DoorSensor_SM6011 #
#                    \reporting-cli.o                                         #
#                                                                             #
#                                                                             #
###############################################################################

C:\Ember\EmberZNet5.3.0-GA\em35x\app\framework\plugin\reporting\reporting-cli.c
      1          // *******************************************************************
      2          // * reporting-cli.c
      3          // *
      4          // *
      5          // * Copyright 2011 by Ember Corporation. All rights reserved.              *80*
      6          // *******************************************************************
      7          
      8          #include "app/framework/include/af.h"
      9          #include "app/util/serial/command-interpreter2.h"
     10          #include "reporting.h"
     11          
     12          void emAfPluginReportingCliPrint(void);
     13          void emAfPluginReportingCliClear(void);
     14          void emAfPluginReportingCliRemove(void); // "remov" to avoid a conflict with "remove" in stdio
     15          void emAfPluginReportingCliAdd(void);
     16          
     17          #if !defined(EMBER_AF_GENERATE_CLI)
     18          EmberCommandEntry emberAfPluginReportingCommands[] = {
     19            emberCommandEntryAction("print",  emAfPluginReportingCliPrint, "",        "Print the reporting table"),
     20            emberCommandEntryAction("clear",  emAfPluginReportingCliClear, "",        "Clear the reporting tabel"),
     21            emberCommandEntryAction("remove", emAfPluginReportingCliRemove, "u",       "Remove an entry from the reporting table"),
     22            emberCommandEntryAction("add",    emAfPluginReportingCliAdd,   "uvvuvvw", "Add an entry to the reporting table"),
     23            emberCommandEntryTerminator(),
     24          };
     25          #endif // EMBER_AF_GENERATE_CLI
     26          
     27          // plugin reporting print

   \                                 In section .text, align 2, keep-with-next
     28          void emAfPluginReportingCliPrint(void)
     29          {
   \                     emAfPluginReportingCliPrint:
   \   00000000   0xE92D 0x47F0      PUSH     {R4-R10,LR}
   \   00000004   0xB088             SUB      SP,SP,#+32
     30            int8u i;
     31            for (i = 0; i < EMBER_AF_PLUGIN_REPORTING_TABLE_SIZE ; i++) {
   \   00000006   0x2400             MOVS     R4,#+0
   \   00000008   0x....             ADR.N    R5,??DataTable11  ;; ""
   \   0000000A   0x.... 0x....      ADR.W    R6,`?<Constant " receive from %2x ep ...">`
   \   0000000E   0x.... 0x....      ADR.W    R10,`?<Constant " report min %2x max %...">`
   \   00000012   0x.... 0x....      ADR.W    R8,`?<Constant " mfg %x">`
   \   00000016   0x.... 0x....      ADR.W    R9,`?<Constant "ep %x clus %2x attr %...">`
   \   0000001A   0x....             ADR.N    R7,??DataTable11_1  ;; "%x:"
     32              EmberAfPluginReportingEntry entry;
     33              emAfPluginReportingGetEntry(i, &entry);
   \                     ??emAfPluginReportingCliPrint_0:
   \   0000001C   0xA902             ADD      R1,SP,#+8
   \   0000001E   0x4620             MOV      R0,R4
   \   00000020   0x.... 0x....      BL       emAfPluginReportingGetEntry
     34              emberAfReportingPrint("%x:", i);
   \   00000024   0x4622             MOV      R2,R4
   \   00000026   0x4639             MOV      R1,R7
   \   00000028   0x2020             MOVS     R0,#+32
   \   0000002A   0x.... 0x....      BL       emberAfPrint
     35              if (entry.endpoint != EMBER_AF_PLUGIN_REPORTING_UNUSED_ENDPOINT_ID) {
   \   0000002E   0xF89D 0x2009      LDRB     R2,[SP, #+9]
   \   00000032   0xB352             CBZ.N    R2,??emAfPluginReportingCliPrint_1
     36                emberAfReportingPrint("ep %x clus %2x attr %2x svr %c",
     37                                      entry.endpoint,
     38                                      entry.clusterId,
     39                                      entry.attributeId,
     40                                      (entry.mask == CLUSTER_MASK_SERVER ? 'y' : 'n'));
   \   00000034   0xF89D 0x000E      LDRB     R0,[SP, #+14]
   \   00000038   0x2840             CMP      R0,#+64
   \   0000003A   0xBF0C             ITE      EQ 
   \   0000003C   0x2079             MOVEQ    R0,#+121
   \   0000003E   0x206E             MOVNE    R0,#+110
   \   00000040   0x9001             STR      R0,[SP, #+4]
   \   00000042   0xF8BD 0x000C      LDRH     R0,[SP, #+12]
   \   00000046   0x9000             STR      R0,[SP, #+0]
   \   00000048   0xF8BD 0x300A      LDRH     R3,[SP, #+10]
   \   0000004C   0x4649             MOV      R1,R9
   \   0000004E   0x2020             MOVS     R0,#+32
   \   00000050   0x.... 0x....      BL       emberAfPrint
     41                if (entry.manufacturerCode != EMBER_AF_NULL_MANUFACTURER_CODE) {
   \   00000054   0xF8BD 0x2010      LDRH     R2,[SP, #+16]
   \   00000058   0xB11A             CBZ.N    R2,??emAfPluginReportingCliPrint_2
     42                  emberAfReportingPrint(" mfg %x", entry.manufacturerCode);
   \   0000005A   0x4641             MOV      R1,R8
   \   0000005C   0x2020             MOVS     R0,#+32
   \   0000005E   0x.... 0x....      BL       emberAfPrint
     43                }
     44                if (entry.direction == EMBER_ZCL_REPORTING_DIRECTION_REPORTED) {
   \                     ??emAfPluginReportingCliPrint_2:
   \   00000062   0xF8BD 0x2014      LDRH     R2,[SP, #+20]
   \   00000066   0xF89D 0x0008      LDRB     R0,[SP, #+8]
   \   0000006A   0xB928             CBNZ.N   R0,??emAfPluginReportingCliPrint_3
     45                  emberAfReportingPrint(" report min %2x max %2x rpt-chg %4x",
     46                                        entry.data.reported.minInterval,
     47                                        entry.data.reported.maxInterval,
     48                                        entry.data.reported.reportableChange);
   \   0000006C   0x9806             LDR      R0,[SP, #+24]
   \   0000006E   0x9000             STR      R0,[SP, #+0]
   \   00000070   0xF8BD 0x3016      LDRH     R3,[SP, #+22]
   \   00000074   0x4651             MOV      R1,R10
   \   00000076   0xE005             B.N      ??emAfPluginReportingCliPrint_4
     49                  emberAfReportingFlush();
     50                } else {
     51                  emberAfReportingPrint(" receive from %2x ep %x timeout %2x",
     52                                        entry.data.received.source,
     53                                        entry.data.received.endpoint,
     54                                        entry.data.received.timeout);
   \                     ??emAfPluginReportingCliPrint_3:
   \   00000078   0xF8BD 0x0018      LDRH     R0,[SP, #+24]
   \   0000007C   0x9000             STR      R0,[SP, #+0]
   \   0000007E   0xF89D 0x3016      LDRB     R3,[SP, #+22]
   \   00000082   0x4631             MOV      R1,R6
   \                     ??emAfPluginReportingCliPrint_4:
   \   00000084   0x2020             MOVS     R0,#+32
   \   00000086   0x.... 0x....      BL       emberAfPrint
     55                }
     56              }
     57              emberAfReportingPrintln("");
   \                     ??emAfPluginReportingCliPrint_1:
   \   0000008A   0x4629             MOV      R1,R5
   \   0000008C   0x2020             MOVS     R0,#+32
   \   0000008E   0x.... 0x....      BL       emberAfPrintln
     58              emberAfReportingFlush();
     59            }
   \   00000092   0x1C64             ADDS     R4,R4,#+1
   \   00000094   0x2C05             CMP      R4,#+5
   \   00000096   0xD3C1             BCC.N    ??emAfPluginReportingCliPrint_0
     60          }
   \   00000098   0xB008             ADD      SP,SP,#+32
   \   0000009A   0xE8BD 0x87F0      POP      {R4-R10,PC}      ;; return
     61          
     62          // plugin reporting clear

   \                                 In section .text, align 2, keep-with-next
     63          void emAfPluginReportingCliClear(void)
     64          {
   \                     emAfPluginReportingCliClear:
   \   00000000   0xB580             PUSH     {R7,LR}
     65            EmberStatus status = emberAfClearReportTableCallback();
   \   00000002   0x.... 0x....      BL       emberAfClearReportTableCallback
     66            emberAfReportingPrintln("%p 0x%x", "clear", status);
   \   00000006   0x4603             MOV      R3,R0
   \   00000008   0x.... 0x....      ADR.W    R2,`?<Constant "clear">`
   \   0000000C   0x....             B.N      ?Subroutine0
     67          }

   \                                 In section .text, align 2, keep-with-next
   \                     ?Subroutine0:
   \   00000000   0x.... 0x....      ADR.W    R1,`?<Constant "%p 0x%x">`
   \   00000004   0x2020             MOVS     R0,#+32
   \   00000006   0xE8BD 0x5000      POP      {R12,LR}
   \   0000000A   0x.... 0x....      B.W      emberAfPrintln
     68          
     69          // plugin reporting remove <index:1>

   \                                 In section .text, align 2, keep-with-next
     70          void emAfPluginReportingCliRemove(void)
     71          {
   \                     emAfPluginReportingCliRemove:
   \   00000000   0xB580             PUSH     {R7,LR}
     72            EmberStatus status = emAfPluginReportingRemoveEntry((int8u)emberUnsignedCommandArgument(0));
   \   00000002   0x2000             MOVS     R0,#+0
   \   00000004   0x.... 0x....      BL       emberUnsignedCommandArgument
   \   00000008   0xB2C0             UXTB     R0,R0
   \   0000000A   0x.... 0x....      BL       emAfPluginReportingRemoveEntry
     73            emberAfReportingPrintln("%p 0x%x", "remove", status);
   \   0000000E   0x4603             MOV      R3,R0
   \   00000010   0x.... 0x....      ADR.W    R2,`?<Constant "remove">`
   \   00000014                      REQUIRE ?Subroutine0
   \   00000014                      ;; // Fall through to label ?Subroutine0
     74          }
     75          
     76          // plugin reporting add <endpoint:1> <cluster id:2> <attribute id:2> ...
     77          // ... <mask:1> <min interval:2> <max interval:2> <reportable change:4>

   \                                 In section .text, align 2, keep-with-next
     78          void emAfPluginReportingCliAdd(void)
     79          {
   \                     emAfPluginReportingCliAdd:
   \   00000000   0xB500             PUSH     {LR}
   \   00000002   0xB085             SUB      SP,SP,#+20
     80            EmberAfStatus status = EMBER_ZCL_STATUS_SUCCESS;
     81            EmberAfPluginReportingEntry entry;
     82            entry.endpoint = (int8u)emberUnsignedCommandArgument(0);
   \   00000004   0x2000             MOVS     R0,#+0
   \   00000006   0x.... 0x....      BL       emberUnsignedCommandArgument
   \   0000000A   0xF88D 0x0001      STRB     R0,[SP, #+1]
     83            entry.clusterId = (EmberAfClusterId)emberUnsignedCommandArgument(1);
   \   0000000E   0x2001             MOVS     R0,#+1
   \   00000010   0x.... 0x....      BL       emberUnsignedCommandArgument
   \   00000014   0xF8AD 0x0002      STRH     R0,[SP, #+2]
     84            entry.attributeId = (EmberAfAttributeId)emberUnsignedCommandArgument(2);
   \   00000018   0x2002             MOVS     R0,#+2
   \   0000001A   0x.... 0x....      BL       emberUnsignedCommandArgument
   \   0000001E   0xF8AD 0x0004      STRH     R0,[SP, #+4]
     85            entry.mask = (int8u)(emberUnsignedCommandArgument(3) == 0
     86                                 ? CLUSTER_MASK_CLIENT
     87                                 : CLUSTER_MASK_SERVER);
   \   00000022   0x2003             MOVS     R0,#+3
   \   00000024   0x.... 0x....      BL       emberUnsignedCommandArgument
   \   00000028   0x2800             CMP      R0,#+0
   \   0000002A   0xBF0C             ITE      EQ 
   \   0000002C   0x2080             MOVEQ    R0,#+128
   \   0000002E   0x2040             MOVNE    R0,#+64
   \   00000030   0xF88D 0x0006      STRB     R0,[SP, #+6]
     88            entry.manufacturerCode = EMBER_AF_NULL_MANUFACTURER_CODE;
   \   00000034   0x2000             MOVS     R0,#+0
   \   00000036   0xF8AD 0x0008      STRH     R0,[SP, #+8]
     89            entry.data.reported.minInterval = (int16u)emberUnsignedCommandArgument(4);
   \   0000003A   0x2004             MOVS     R0,#+4
   \   0000003C   0x.... 0x....      BL       emberUnsignedCommandArgument
   \   00000040   0xF8AD 0x000C      STRH     R0,[SP, #+12]
     90            entry.data.reported.maxInterval = (int16u)emberUnsignedCommandArgument(5);
   \   00000044   0x2005             MOVS     R0,#+5
   \   00000046   0x.... 0x....      BL       emberUnsignedCommandArgument
   \   0000004A   0xF8AD 0x000E      STRH     R0,[SP, #+14]
     91            entry.data.reported.reportableChange = emberUnsignedCommandArgument(6);
   \   0000004E   0x2006             MOVS     R0,#+6
   \   00000050   0x.... 0x....      BL       emberUnsignedCommandArgument
   \   00000054   0x9004             STR      R0,[SP, #+16]
     92            status = emberAfPluginReportingConfigureReportedAttribute(&entry);
   \   00000056   0xA800             ADD      R0,SP,#+0
   \   00000058   0x.... 0x....      BL       emberAfPluginReportingConfigureReportedAttribute
     93          
     94            emberAfReportingPrintln("%p 0x%x", "add", status);
   \   0000005C   0x4603             MOV      R3,R0
   \   0000005E   0x....             ADR.N    R2,??DataTable11_2  ;; "add"
   \   00000060   0x.... 0x....      ADR.W    R1,`?<Constant "%p 0x%x">`
   \   00000064   0x2020             MOVS     R0,#+32
   \   00000066   0x.... 0x....      BL       emberAfPrintln
     95          }
   \   0000006A   0xB005             ADD      SP,SP,#+20
   \   0000006C   0xBD00             POP      {PC}             ;; return

   \                                 In section .text, align 4, keep-with-next
   \                     ??DataTable11:
   \   00000000   0x00 0x00          DC8      "",0x0,0x0,0x0
   \              0x00 0x00    

   \                                 In section .text, align 4, keep-with-next
   \                     ??DataTable11_1:
   \   00000000   0x25 0x78          DC8      "%x:"
   \              0x3A 0x00    

   \                                 In section .text, align 4, keep-with-next
   \                     ??DataTable11_2:
   \   00000000   0x61 0x64          DC8      "add"
   \              0x64 0x00    

   \                                 In section .rodata, align 4, keep-with-next
   \                     `?<Constant "%x:">`:
   \   00000000   0x25 0x78          DC8 "%x:"
   \              0x3A 0x00    

   \                                 In section .rodata, align 1, keep-with-next
   \                     `?<Constant "">`:
   \   00000000   0x00               DC8 ""

   \                                 In section .rodata, align 4, keep-with-next
   \                     `?<Constant "add">`:
   \   00000000   0x61 0x64          DC8 "add"
   \              0x64 0x00    

   \                                 In section .text, align 4, keep-with-next
   \                     `?<Constant "ep %x clus %2x attr %...">`:
   \   00000000   0x65 0x70          DC8 "ep %x clus %2x attr %2x svr %c"
   \              0x20 0x25    
   \              0x78 0x20    
   \              0x63 0x6C    
   \              0x75 0x73    
   \              0x20 0x25    
   \              0x32 0x78    
   \              0x20 0x61    
   \              0x74 0x74    
   \              0x72 0x20    
   \              0x25 0x32    
   \              0x78 0x20    
   \              0x73 0x76    
   \              0x72 0x20    
   \              0x25 0x63    
   \              0x00         
   \   0000001F   0x00               DC8 0

   \                                 In section .text, align 4, keep-with-next
   \                     `?<Constant " mfg %x">`:
   \   00000000   0x20 0x6D          DC8 " mfg %x"
   \              0x66 0x67    
   \              0x20 0x25    
   \              0x78 0x00    

   \                                 In section .text, align 4, keep-with-next
   \                     `?<Constant " report min %2x max %...">`:
   \   00000000   0x20 0x72          DC8 " report min %2x max %2x rpt-chg %4x"
   \              0x65 0x70    
   \              0x6F 0x72    
   \              0x74 0x20    
   \              0x6D 0x69    
   \              0x6E 0x20    
   \              0x25 0x32    
   \              0x78 0x20    
   \              0x6D 0x61    
   \              0x78 0x20    
   \              0x25 0x32    
   \              0x78 0x20    
   \              0x72 0x70    
   \              0x74 0x2D    
   \              0x63 0x68    
   \              0x67 0x20    
   \              0x25 0x34    
   \              0x78 0x00    

   \                                 In section .text, align 4, keep-with-next
   \                     `?<Constant " receive from %2x ep ...">`:
   \   00000000   0x20 0x72          DC8 " receive from %2x ep %x timeout %2x"
   \              0x65 0x63    
   \              0x65 0x69    
   \              0x76 0x65    
   \              0x20 0x66    
   \              0x72 0x6F    
   \              0x6D 0x20    
   \              0x25 0x32    
   \              0x78 0x20    
   \              0x65 0x70    
   \              0x20 0x25    
   \              0x78 0x20    
   \              0x74 0x69    
   \              0x6D 0x65    
   \              0x6F 0x75    
   \              0x74 0x20    
   \              0x25 0x32    
   \              0x78 0x00    

   \                                 In section .text, align 4, keep-with-next
   \                     `?<Constant "%p 0x%x">`:
   \   00000000   0x25 0x70          DC8 "%p 0x%x"
   \              0x20 0x30    
   \              0x78 0x25    
   \              0x78 0x00    

   \                                 In section .text, align 4, keep-with-next
   \                     `?<Constant "clear">`:
   \   00000000   0x63 0x6C          DC8 "clear"
   \              0x65 0x61    
   \              0x72 0x00    
   \   00000006   0x00 0x00          DC8 0, 0

   \                                 In section .text, align 4, keep-with-next
   \                     `?<Constant "remove">`:
   \   00000000   0x72 0x65          DC8 "remove"
   \              0x6D 0x6F    
   \              0x76 0x65    
   \              0x00         
   \   00000007   0x00               DC8 0

   Maximum stack usage in bytes:

   .cstack Function
   ------- --------
       24  emAfPluginReportingCliAdd
             24 -> emberAfPluginReportingConfigureReportedAttribute
             24 -> emberAfPrintln
             24 -> emberUnsignedCommandArgument
        8  emAfPluginReportingCliClear
              8 -> emberAfClearReportTableCallback
              0 -> emberAfPrintln
       64  emAfPluginReportingCliPrint
             64 -> emAfPluginReportingGetEntry
             64 -> emberAfPrint
             64 -> emberAfPrintln
        8  emAfPluginReportingCliRemove
              8 -> emAfPluginReportingRemoveEntry
              0 -> emberAfPrintln
              8 -> emberUnsignedCommandArgument


   Section sizes:

   Bytes  Function/Label
   -----  --------------
       8  ?<Constant " mfg %x">
      36  ?<Constant " receive from %2x ep ...">
      36  ?<Constant " report min %2x max %...">
       1  ?<Constant "">
       8  ?<Constant "%p 0x%x">
       4  ?<Constant "%x:">
       4  ?<Constant "add">
       8  ?<Constant "clear">
      32  ?<Constant "ep %x clus %2x attr %...">
       8  ?<Constant "remove">
       4  ??DataTable11
       4  ??DataTable11_1
       4  ??DataTable11_2
      14  ?Subroutine0
     110  emAfPluginReportingCliAdd
      14  emAfPluginReportingCliClear
     158  emAfPluginReportingCliPrint
      20  emAfPluginReportingCliRemove

 
   9 bytes in section .rodata
 464 bytes in section .text
 
 464 bytes of CODE  memory
   9 bytes of CONST memory

Errors: none
Warnings: none
