###############################################################################
#                                                                             #
# IAR ANSI C/C++ Compiler V6.40.2.53884/W32 for ARM     06/Feb/2015  13:52:57 #
# Copyright 1999-2012 IAR Systems AB.                                         #
#                                                                             #
#    Cpu mode     =  thumb                                                    #
#    Endian       =  little                                                   #
#    Source file  =  C:\Ember\EmberZNet5.3.0-GA\em35x\app\builder\DoorSensor_ #
#                    SM6011\stack-handler-stub.c                              #
#    Command line =  C:\Ember\EmberZNet5.3.0-GA\em35x\app\builder\DoorSensor_ #
#                    SM6011\stack-handler-stub.c -D                           #
#                    "GENERATED_TOKEN_HEADER=\"app/builder/DoorSensor_SM6011/ #
#                    DoorSensor_SM6011_tokens.h\"" -D                         #
#                    "ZA_GENERATED_HEADER=\"app/builder/DoorSensor_SM6011/Doo #
#                    rSensor_SM6011.h\"" -D LOCAL_STORAGE_BTL -D              #
#                    "BOARD_HEADER=\"app\builder\DoorSensor_SM6011\DoorSensor #
#                    _SM6011_board.h\"" -D "PLATFORM_HEADER=\"hal/micro/corte #
#                    xm3/compiler/iar.h\"" -D CORTEXM3 -D                     #
#                    CORTEXM3_EMBER_MICRO -D CORTEXM3_EM3585 -D PHY_EM3XX -D  #
#                    "APPLICATION_TOKEN_HEADER=\"app/framework/util/tokens.h\ #
#                    "" -D "CONFIGURATION_HEADER=\"app/framework/util/config. #
#                    h\"" -D "ATTRIBUTE_STORAGE_CONFIGURATION=\"app/builder/D #
#                    oorSensor_SM6011/DoorSensor_SM6011_endpoint_config.h\""  #
#                    -D "__SOURCEFILE__=\"stack-handler-stub.c\"" -lC         #
#                    C:\Ember\EmberZNet5.3.0-GA\em35x\build\DoorSensor_SM6011 #
#                    \ --diag_suppress Pa050 -o C:\Ember\EmberZNet5.3.0-GA\em #
#                    35x\build\DoorSensor_SM6011\ --debug --endian=little     #
#                    --cpu=Cortex-M3 -e --fpu=None --dlib_config "C:\Program  #
#                    Files (x86)\IAR Systems\Embedded Workbench               #
#                    6.4\arm\INC\c\DLib_Config_Normal.h" -I                   #
#                    C:\Ember\EmberZNet5.3.0-GA\em35x\app\builder\DoorSensor_ #
#                    SM6011\ -I C:\Ember\EmberZNet5.3.0-GA\em35x\app\builder\ #
#                    DoorSensor_SM6011\ -I C:\Ember\EmberZNet5.3.0-GA\em35x\a #
#                    pp\builder\DoorSensor_SM6011\..\..\..\ -I                #
#                    C:\Ember\EmberZNet5.3.0-GA\em35x\app\builder\DoorSensor_ #
#                    SM6011\..\..\..\app\framework\include\ -I                #
#                    C:\Ember\EmberZNet5.3.0-GA\em35x\app\builder\DoorSensor_ #
#                    SM6011\..\..\..\ -I C:\Ember\EmberZNet5.3.0-GA\em35x\app #
#                    \builder\DoorSensor_SM6011\..\..\..\stack\ -I            #
#                    C:\Ember\EmberZNet5.3.0-GA\em35x\app\builder\DoorSensor_ #
#                    SM6011\..\..\..\hal\ -I C:\Ember\EmberZNet5.3.0-GA\em35x #
#                    \app\builder\DoorSensor_SM6011\..\..\..\hal\..\ -Ohz     #
#                    --use_c++_inline                                         #
#    List file    =  C:\Ember\EmberZNet5.3.0-GA\em35x\build\DoorSensor_SM6011 #
#                    \stack-handler-stub.lst                                  #
#    Object file  =  C:\Ember\EmberZNet5.3.0-GA\em35x\build\DoorSensor_SM6011 #
#                    \stack-handler-stub.o                                    #
#                                                                             #
#                                                                             #
###############################################################################

C:\Ember\EmberZNet5.3.0-GA\em35x\app\builder\DoorSensor_SM6011\stack-handler-stub.c
      1          // This file is generated by Ember Desktop.  Please do not edit manually.
      2          //
      3          //
      4          
      5          // This c file provides stubs for all callbacks. These stubs
      6          // will be used in the case where user defined implementations
      7          // of the callbacks have not been provided.
      8          #include "app/framework/include/af.h"
      9          // Stubs required for implemented stack handlers.
     10          
     11          
     12          #ifdef EZSP_HOST
     13          #else // ! EZSP_HOST
     14          #endif // EZSP_HOST


 

 


Errors: none
Warnings: none
