###############################################################################
#                                                                             #
# IAR ANSI C/C++ Compiler V6.40.2.53884/W32 for ARM     06/Feb/2015  13:53:58 #
# Copyright 1999-2012 IAR Systems AB.                                         #
#                                                                             #
#    Cpu mode     =  thumb                                                    #
#    Endian       =  little                                                   #
#    Source file  =  C:\Ember\EmberZNet5.3.0-GA\em35x\hal\micro\cortexm3\toke #
#                    n-def.c                                                  #
#    Command line =  C:\Ember\EmberZNet5.3.0-GA\em35x\hal\micro\cortexm3\toke #
#                    n-def.c -D "GENERATED_TOKEN_HEADER=\"app/builder/DoorSen #
#                    sor_SM6011/DoorSensor_SM6011_tokens.h\"" -D              #
#                    "ZA_GENERATED_HEADER=\"app/builder/DoorSensor_SM6011/Doo #
#                    rSensor_SM6011.h\"" -D LOCAL_STORAGE_BTL -D              #
#                    "BOARD_HEADER=\"app\builder\DoorSensor_SM6011\DoorSensor #
#                    _SM6011_board.h\"" -D "PLATFORM_HEADER=\"hal/micro/corte #
#                    xm3/compiler/iar.h\"" -D CORTEXM3 -D                     #
#                    CORTEXM3_EMBER_MICRO -D CORTEXM3_EM3585 -D PHY_EM3XX -D  #
#                    "APPLICATION_TOKEN_HEADER=\"app/framework/util/tokens.h\ #
#                    "" -D "CONFIGURATION_HEADER=\"app/framework/util/config. #
#                    h\"" -D "ATTRIBUTE_STORAGE_CONFIGURATION=\"app/builder/D #
#                    oorSensor_SM6011/DoorSensor_SM6011_endpoint_config.h\""  #
#                    -D "__SOURCEFILE__=\"token-def.c\"" -lC                  #
#                    C:\Ember\EmberZNet5.3.0-GA\em35x\build\DoorSensor_SM6011 #
#                    \ --diag_suppress Pa050 -o C:\Ember\EmberZNet5.3.0-GA\em #
#                    35x\build\DoorSensor_SM6011\ --debug --endian=little     #
#                    --cpu=Cortex-M3 -e --fpu=None --dlib_config "C:\Program  #
#                    Files (x86)\IAR Systems\Embedded Workbench               #
#                    6.4\arm\INC\c\DLib_Config_Normal.h" -I                   #
#                    C:\Ember\EmberZNet5.3.0-GA\em35x\hal\micro\cortexm3\ -I  #
#                    C:\Ember\EmberZNet5.3.0-GA\em35x\app\builder\DoorSensor_ #
#                    SM6011\ -I C:\Ember\EmberZNet5.3.0-GA\em35x\app\builder\ #
#                    DoorSensor_SM6011\..\..\..\ -I                           #
#                    C:\Ember\EmberZNet5.3.0-GA\em35x\app\builder\DoorSensor_ #
#                    SM6011\..\..\..\app\framework\include\ -I                #
#                    C:\Ember\EmberZNet5.3.0-GA\em35x\app\builder\DoorSensor_ #
#                    SM6011\..\..\..\ -I C:\Ember\EmberZNet5.3.0-GA\em35x\app #
#                    \builder\DoorSensor_SM6011\..\..\..\stack\ -I            #
#                    C:\Ember\EmberZNet5.3.0-GA\em35x\app\builder\DoorSensor_ #
#                    SM6011\..\..\..\hal\ -I C:\Ember\EmberZNet5.3.0-GA\em35x #
#                    \app\builder\DoorSensor_SM6011\..\..\..\hal\..\ -Ohz     #
#                    --use_c++_inline                                         #
#    List file    =  C:\Ember\EmberZNet5.3.0-GA\em35x\build\DoorSensor_SM6011 #
#                    \token-def.lst                                           #
#    Object file  =  C:\Ember\EmberZNet5.3.0-GA\em35x\build\DoorSensor_SM6011 #
#                    \token-def.o                                             #
#                                                                             #
#                                                                             #
###############################################################################

C:\Ember\EmberZNet5.3.0-GA\em35x\hal\micro\cortexm3\token-def.c
      1          /** @file hal/micro/cortexm3/token-def.c
      2           * @brief This file is for the code definitions (arrays) needed for the tokens.
      3           *
      4           * Copyright 2007-2011 by Ember Corporation. All rights reserved.           *80*
      5           */
      6          
      7          #include PLATFORM_HEADER
      8          #include "stack/include/ember.h"
      9          
     10          
     11          //-- Build structure defines (these define all the data types of the tokens).
     12          #define DEFINETYPES
     13            #include "stack/config/token-stack.h"
     14          #undef DEFINETYPES
     15          
     16          //-- Build parameter links
     17          #define DEFINETOKENS
     18          #define TOKEN_MFG(name,creator,iscnt,isidx,type,arraysize,...)
     19          
     20          #define TOKEN_DEF(name,creator,iscnt,isidx,type,arraysize,...) \
     21            creator,

   \                                 In section .rodata, align 4, keep-with-next
     22            const int16u tokenCreators[] = {
   \                     tokenCreators:
   \   00000000   0xFF01 0xE123      DC16 65281, 57635, 58485, 57955, 58723, 57698, 60281, 61028, 57636
   \              0xE475 0xE263
   \              0xE563 0xE162
   \              0xEB79 0xEE64
   \              0xE124       
   \   00000012   0xE125 0xE126      DC16 57637, 57638, 53829, 57872, 57873, 57874, 57875, 57876, 57877
   \              0xD245 0xE210
   \              0xE211 0xE212
   \              0xE213 0xE214
   \              0xE215       
   \   00000024   0xE220 0xE274      DC16 57888, 57972, 65293, 58454, 58624, 58625, 58626, 57936, 57937, 13
   \              0xFF0D 0xE456
   \              0xE500 0xE501
   \              0xE502 0xE250
   \              0xE251 0x000D
   \   00000038   0x8725             DC16 34597
   \   0000003A   0x00 0x00          DC8 0, 0
     23              #include "stack/config/token-stack.h"
     24            };
     25          #undef TOKEN_DEF
     26          
     27          #define TOKEN_DEF(name,creator,iscnt,isidx,type,arraysize,...) \
     28            iscnt,

   \                                 In section .rodata, align 4, keep-with-next
     29            const boolean tokenIsCnt[] = {
   \                     tokenIsCnt:
   \   00000000   0x00 0x01          DC8 0, 1, 0, 1, 1, 0, 0, 0, 0, 0, 0, 0, 0, 0, 0, 0, 0, 0, 1, 0, 0, 0, 0
   \              0x00 0x01    
   \              0x01 0x00    
   \              0x00 0x00    
   \              0x00 0x00    
   \              0x00 0x00    
   \              0x00 0x00    
   \              0x00 0x00    
   \              0x00 0x00    
   \              0x01 0x00    
   \              0x00 0x00    
   \              0x00         
   \   00000017   0x00 0x00          DC8 0, 0, 0, 0, 0, 0, 0, 0, 0
   \              0x00 0x00    
   \              0x00 0x00    
   \              0x00 0x00    
   \              0x00         
     30              #include "stack/config/token-stack.h"
     31            };
     32          #undef TOKEN_DEF
     33          
     34          #define TOKEN_DEF(name,creator,iscnt,isidx,type,arraysize,...) \
     35            sizeof(type),

   \                                 In section .rodata, align 4, keep-with-next
     36            const int8u tokenSize[] = {
   \                     tokenSize:
   \   00000000   0x02 0x04          DC8 2, 4, 17, 2, 4, 2, 17, 16, 26, 8, 10, 4, 17, 16, 17, 26, 8, 10, 4
   \              0x11 0x02    
   \              0x04 0x02    
   \              0x11 0x10    
   \              0x1A 0x08    
   \              0x0A 0x04    
   \              0x11 0x10    
   \              0x11 0x1A    
   \              0x08 0x0A    
   \              0x04         
   \   00000013   0x0D 0x0B          DC8 13, 11, 25, 92, 16, 40, 44, 34, 1, 20, 0, 0, 0
   \              0x19 0x5C    
   \              0x10 0x28    
   \              0x2C 0x22    
   \              0x01 0x14    
   \              0x00 0x00    
   \              0x00         
     37              #include "stack/config/token-stack.h"
     38            };
     39          #undef TOKEN_DEF
     40          
     41          #define TOKEN_DEF(name,creator,iscnt,isidx,type,arraysize,...) \
     42            arraysize,

   \                                 In section .rodata, align 4, keep-with-next
     43            const int8u tokenArraySize[] = {
   \                     tokenArraySize:
   \   00000000   0x01 0x01          DC8 1, 1, 1, 1, 1, 1, 1, 1, 1, 1, 1, 16, 0, 0, 0, 0, 0, 0, 1, 2, 6, 0
   \              0x01 0x01    
   \              0x01 0x01    
   \              0x01 0x01    
   \              0x01 0x01    
   \              0x01 0x10    
   \              0x00 0x00    
   \              0x00 0x00    
   \              0x00 0x00    
   \              0x01 0x02    
   \              0x06 0x00    
   \   00000016   0x00 0x01          DC8 0, 1, 1, 1, 0, 1, 5, 0, 0, 0
   \              0x01 0x01    
   \              0x00 0x01    
   \              0x05 0x00    
   \              0x00 0x00    
     44              #include "stack/config/token-stack.h"
     45            };
     46          #undef TOKEN_DEF
     47          
     48          //These set of DEFAULT token values are only used in the tokenDefaults array
     49          //below.
     50          #define TOKEN_DEF(name,creator,iscnt,isidx,type,arraysize,...) \
     51            const type TOKEN_##name##_DEFAULTS = __VA_ARGS__;
     52            #include "stack/config/token-stack.h"

   \                                 In section .rodata, align 2, keep-with-next
   \   __absolute int16u const TOKEN_STACK_NVDATA_VERSION_DEFAULTS
   \                     TOKEN_STACK_NVDATA_VERSION_DEFAULTS:
   \   00000000   0x03FC             DC16 1020

   \                                 In section .rodata, align 4, keep-with-next
   \   __absolute int32u const TOKEN_STACK_APS_FRAME_COUNTER_DEFAULTS
   \                     TOKEN_STACK_APS_FRAME_COUNTER_DEFAULTS:
   \   00000000   0x00000000         DC32 0

   \                                 In section .rodata, align 4, keep-with-next
   \   __absolute tokTypeStackKeys const TOKEN_STACK_ALTERNATE_KEY_DEFAULTS
   \                     TOKEN_STACK_ALTERNATE_KEY_DEFAULTS:
   \   00000000   0x00 0x00          DC8 0, 0, 0, 0, 0, 0, 0, 0, 0, 0, 0, 0, 0, 0, 0, 0, 0, 0, 0, 0
   \              0x00 0x00    
   \              0x00 0x00    
   \              0x00 0x00    
   \              0x00 0x00    
   \              0x00 0x00    
   \              0x00 0x00    
   \              0x00 0x00    
   \              0x00 0x00    
   \              0x00 0x00    

   \                                 In section .rodata, align 2, keep-with-next
   \   __absolute int16u const TOKEN_STACK_BOOT_COUNTER_DEFAULTS
   \                     TOKEN_STACK_BOOT_COUNTER_DEFAULTS:
   \   00000000   0x0000             DC16 0

   \                                 In section .rodata, align 4, keep-with-next
   \   __absolute int32u const TOKEN_STACK_NONCE_COUNTER_DEFAULTS
   \                     TOKEN_STACK_NONCE_COUNTER_DEFAULTS:
   \   00000000   0x00000000         DC32 0

   \                                 In section .rodata, align 2, keep-with-next
   \   __absolute int16u const TOKEN_STACK_ANALYSIS_REBOOT_DEFAULTS
   \                     TOKEN_STACK_ANALYSIS_REBOOT_DEFAULTS:
   \   00000000   0x0000             DC16 0

   \                                 In section .rodata, align 4, keep-with-next
   \   __absolute tokTypeStackKeys const TOKEN_STACK_KEYS_DEFAULTS
   \                     TOKEN_STACK_KEYS_DEFAULTS:
   \   00000000   0x00 0x00          DC8 0, 0, 0, 0, 0, 0, 0, 0, 0, 0, 0, 0, 0, 0, 0, 0, 0, 0, 0, 0
   \              0x00 0x00    
   \              0x00 0x00    
   \              0x00 0x00    
   \              0x00 0x00    
   \              0x00 0x00    
   \              0x00 0x00    
   \              0x00 0x00    
   \              0x00 0x00    
   \              0x00 0x00    

   \                                 In section .rodata, align 4, keep-with-next
   \   __absolute struct <unnamed> const TOKEN_STACK_NODE_DATA_DEFAULTS
   \                     TOKEN_STACK_NODE_DATA_DEFAULTS:
   \   00000000   0xFFFF             DC16 65535
   \   00000002   0xFF 0x00          DC8 -1, 0, 0, 0
   \              0x00 0x00    
   \   00000006   0x0000             DC16 0
   \   00000008   0x00 0x00          DC8 0, 0, 0, 0, 0, 0, 0, 0
   \              0x00 0x00    
   \              0x00 0x00    
   \              0x00 0x00    

   \                                 In section .rodata, align 4, keep-with-next
   \   __absolute struct <unnamed> const TOKEN_STACK_TRUST_CENTER_DEFAULTS
   \                     TOKEN_STACK_TRUST_CENTER_DEFAULTS:
   \   00000000   0x0000             DC16 0
   \   00000002   0x00 0x00          DC8 0, 0, 0, 0, 0, 0, 0, 0, 0, 0, 0, 0, 0, 0, 0, 0, 0, 0, 0, 0, 0, 0, 0
   \              0x00 0x00    
   \              0x00 0x00    
   \              0x00 0x00    
   \              0x00 0x00    
   \              0x00 0x00    
   \              0x00 0x00    
   \              0x00 0x00    
   \              0x00 0x00    
   \              0x00 0x00    
   \              0x00 0x00    
   \              0x00         
   \   00000019   0x00 0x00          DC8 0, 0, 0
   \              0x00         

   \                                 In section .rodata, align 4, keep-with-next
   \   __absolute struct <unnamed> const TOKEN_STACK_NETWORK_MANAGEMENT_DEFAULTS
   \                     TOKEN_STACK_NETWORK_MANAGEMENT_DEFAULTS:
   \   00000000   0x00000000         DC32 0
   \   00000004   0xFFFF             DC16 65535
   \   00000006   0x00 0x00          DC8 0, 0

   \                                 In section .rodata, align 4, keep-with-next
   \   __absolute struct <unnamed> const TOKEN_STACK_PARENT_INFO_DEFAULTS
   \                     TOKEN_STACK_PARENT_INFO_DEFAULTS:
   \   00000000   0xFF 0xFF          DC8 255, 255, 255, 255, 255, 255, 255, 255
   \              0xFF 0xFF    
   \              0xFF 0xFF    
   \              0xFF 0xFF    
   \   00000008   0xFFFF             DC16 65535
   \   0000000A   0x00 0x00          DC8 0, 0

   \                                 In section .rodata, align 4, keep-with-next
   \   __absolute struct <unnamed> const TOKEN_STACK_CAL_DATA_DEFAULTS
   \                     TOKEN_STACK_CAL_DATA_DEFAULTS:
   \   00000000   0x7F 0x80          DC8 127, 128, 127, 128
   \              0x7F 0x80    

   \                                 In section .rodata, align 4, keep-with-next
   \   __absolute tokTypeStackKeys const TOKEN_MULTI_NETWORK_STACK_KEYS_DEFAULTS
   \                     TOKEN_MULTI_NETWORK_STACK_KEYS_DEFAULTS:
   \   00000000   0x00 0x00          DC8 0, 0, 0, 0, 0, 0, 0, 0, 0, 0, 0, 0, 0, 0, 0, 0, 0, 0, 0, 0
   \              0x00 0x00    
   \              0x00 0x00    
   \              0x00 0x00    
   \              0x00 0x00    
   \              0x00 0x00    
   \              0x00 0x00    
   \              0x00 0x00    
   \              0x00 0x00    
   \              0x00 0x00    

   \                                 In section .rodata, align 4, keep-with-next
   \   __absolute struct <unnamed> const TOKEN_MULTI_NETWORK_STACK_NODE_DATA_DEFAULTS
   \                     TOKEN_MULTI_NETWORK_STACK_NODE_DATA_DEFAULTS:
   \   00000000   0x0000             DC16 0
   \   00000002   0x00 0x00          DC8 0, 0, 0, 0
   \              0x00 0x00    
   \   00000006   0x0000             DC16 0
   \   00000008   0x00 0x00          DC8 0, 0, 0, 0, 0, 0, 0, 0
   \              0x00 0x00    
   \              0x00 0x00    
   \              0x00 0x00    

   \                                 In section .rodata, align 4, keep-with-next
   \   __absolute tokTypeStackKeys const TOKEN_MULTI_NETWORK_STACK_ALTERNATE_KEY_DEFAULTS
   \                     TOKEN_MULTI_NETWORK_STACK_ALTERNATE_KEY_DEFAULTS:
   \   00000000   0x00 0x00          DC8 0, 0, 0, 0, 0, 0, 0, 0, 0, 0, 0, 0, 0, 0, 0, 0, 0, 0, 0, 0
   \              0x00 0x00    
   \              0x00 0x00    
   \              0x00 0x00    
   \              0x00 0x00    
   \              0x00 0x00    
   \              0x00 0x00    
   \              0x00 0x00    
   \              0x00 0x00    
   \              0x00 0x00    

   \                                 In section .rodata, align 4, keep-with-next
   \   __absolute struct <unnamed> const TOKEN_MULTI_NETWORK_STACK_TRUST_CENTER_DEFAULTS
   \                     TOKEN_MULTI_NETWORK_STACK_TRUST_CENTER_DEFAULTS:
   \   00000000   0x0000             DC16 0
   \   00000002   0x00 0x00          DC8 0, 0, 0, 0, 0, 0, 0, 0, 0, 0, 0, 0, 0, 0, 0, 0, 0, 0, 0, 0, 0, 0, 0
   \              0x00 0x00    
   \              0x00 0x00    
   \              0x00 0x00    
   \              0x00 0x00    
   \              0x00 0x00    
   \              0x00 0x00    
   \              0x00 0x00    
   \              0x00 0x00    
   \              0x00 0x00    
   \              0x00 0x00    
   \              0x00         
   \   00000019   0x00 0x00          DC8 0, 0, 0
   \              0x00         

   \                                 In section .rodata, align 4, keep-with-next
   \   __absolute struct <unnamed> const TOKEN_MULTI_NETWORK_STACK_NETWORK_MANAGEMENT_DEFAULTS
   \                     TOKEN_MULTI_NETWORK_STACK_NETWORK_MANAGEMENT_DEFAULTS:
   \   00000000   0x00000000         DC32 0
   \   00000004   0x0000             DC16 0
   \   00000006   0x00 0x00          DC8 0, 0

   \                                 In section .rodata, align 4, keep-with-next
   \   __absolute struct <unnamed> const TOKEN_MULTI_NETWORK_STACK_PARENT_INFO_DEFAULTS
   \                     TOKEN_MULTI_NETWORK_STACK_PARENT_INFO_DEFAULTS:
   \   00000000   0xFF 0xFF          DC8 255, 255, 255, 255, 255, 255, 255, 255
   \              0xFF 0xFF    
   \              0xFF 0xFF    
   \              0xFF 0xFF    
   \   00000008   0xFFFF             DC16 65535
   \   0000000A   0x00 0x00          DC8 0, 0

   \                                 In section .rodata, align 4, keep-with-next
   \   __absolute int32u const TOKEN_MULTI_NETWORK_STACK_NONCE_COUNTER_DEFAULTS
   \                     TOKEN_MULTI_NETWORK_STACK_NONCE_COUNTER_DEFAULTS:
   \   00000000   0x00000000         DC32 0

   \                                 In section .rodata, align 4, keep-with-next
   \   __absolute int8u const TOKEN_STACK_BINDING_TABLE_DEFAULTS[13]
   \                     TOKEN_STACK_BINDING_TABLE_DEFAULTS:
   \   00000000   0x00 0x00          DC8 0, 0, 0, 0, 0, 0, 0, 0, 0, 0, 0, 0, 0, 0, 0, 0
   \              0x00 0x00    
   \              0x00 0x00    
   \              0x00 0x00    
   \              0x00 0x00    
   \              0x00 0x00    
   \              0x00 0x00    
   \              0x00 0x00    

   \                                 In section .rodata, align 4, keep-with-next
   \   __absolute int8u const TOKEN_STACK_CHILD_TABLE_DEFAULTS[11]
   \                     TOKEN_STACK_CHILD_TABLE_DEFAULTS:
   \   00000000   0x00 0x00          DC8 0, 0, 0, 0, 0, 0, 0, 0, 0, 0, 0, 0
   \              0x00 0x00    
   \              0x00 0x00    
   \              0x00 0x00    
   \              0x00 0x00    
   \              0x00 0x00    

   \                                 In section .rodata, align 4, keep-with-next
   \   __absolute int8u const TOKEN_STACK_KEY_TABLE_DEFAULTS[25]
   \                     TOKEN_STACK_KEY_TABLE_DEFAULTS:
   \   00000000   0x00 0x00          DC8 0, 0, 0, 0, 0, 0, 0, 0, 0, 0, 0, 0, 0, 0, 0, 0, 0, 0, 0, 0, 0, 0, 0
   \              0x00 0x00    
   \              0x00 0x00    
   \              0x00 0x00    
   \              0x00 0x00    
   \              0x00 0x00    
   \              0x00 0x00    
   \              0x00 0x00    
   \              0x00 0x00    
   \              0x00 0x00    
   \              0x00 0x00    
   \              0x00         
   \   00000017   0x00 0x00          DC8 0, 0, 0, 0, 0
   \              0x00 0x00    
   \              0x00         

   \                                 In section .rodata, align 4, keep-with-next
   \   __absolute int8u const TOKEN_STACK_CERTIFICATE_TABLE_DEFAULTS[92]
   \                     TOKEN_STACK_CERTIFICATE_TABLE_DEFAULTS:
   \   00000000   0x00 0x00          DC8 0, 0, 0, 0, 0, 0, 0, 0, 0, 0, 0, 0, 0, 0, 0, 0, 0, 0, 0, 0, 0, 0, 0
   \              0x00 0x00    
   \              0x00 0x00    
   \              0x00 0x00    
   \              0x00 0x00    
   \              0x00 0x00    
   \              0x00 0x00    
   \              0x00 0x00    
   \              0x00 0x00    
   \              0x00 0x00    
   \              0x00 0x00    
   \              0x00         
   \   00000017   0x00 0x00          DC8 0, 0, 0, 0, 0, 0, 0, 0, 0, 0, 0, 0, 0, 0, 0, 0, 0, 0, 0, 0, 0, 0, 0
   \              0x00 0x00    
   \              0x00 0x00    
   \              0x00 0x00    
   \              0x00 0x00    
   \              0x00 0x00    
   \              0x00 0x00    
   \              0x00 0x00    
   \              0x00 0x00    
   \              0x00 0x00    
   \              0x00 0x00    
   \              0x00         
   \   0000002E   0x00 0x00          DC8 0, 0, 0, 0, 0, 0, 0, 0, 0, 0, 0, 0, 0, 0, 0, 0, 0, 0, 0, 0, 0, 0, 0
   \              0x00 0x00    
   \              0x00 0x00    
   \              0x00 0x00    
   \              0x00 0x00    
   \              0x00 0x00    
   \              0x00 0x00    
   \              0x00 0x00    
   \              0x00 0x00    
   \              0x00 0x00    
   \              0x00 0x00    
   \              0x00         
   \   00000045   0x00 0x00          DC8 0, 0, 0, 0, 0, 0, 0, 0, 0, 0, 0, 0, 0, 0, 0, 0, 0, 0, 0, 0, 0, 0, 0
   \              0x00 0x00    
   \              0x00 0x00    
   \              0x00 0x00    
   \              0x00 0x00    
   \              0x00 0x00    
   \              0x00 0x00    
   \              0x00 0x00    
   \              0x00 0x00    
   \              0x00 0x00    
   \              0x00 0x00    
   \              0x00         

   \                                 In section .rodata, align 4, keep-with-next
   \   __absolute struct <unnamed> const TOKEN_STACK_ZLL_DATA_DEFAULTS
   \                     TOKEN_STACK_ZLL_DATA_DEFAULTS:
   \   00000000   0x00000001         DC32 1
   \   00000004   0x0000 0x0000      DC16 0, 0, 0, 0, 0
   \              0x0000 0x0000
   \              0x0000       
   \   0000000E   0x00 0x00          DC8 0, 0

   \                                 In section .rodata, align 4, keep-with-next
   \   __absolute struct <unnamed> const TOKEN_STACK_ZLL_SECURITY_DEFAULTS
   \                     TOKEN_STACK_ZLL_SECURITY_DEFAULTS:
   \   00000000   0x00000000         DC32 0
   \   00000004   0x00 0x00          DC8 0, 0, 0, 0, 0, 0, 0, 0, 0, 0, 0, 0, 0, 0, 0, 0, 0, 0, 0, 0, 0, 0, 0
   \              0x00 0x00    
   \              0x00 0x00    
   \              0x00 0x00    
   \              0x00 0x00    
   \              0x00 0x00    
   \              0x00 0x00    
   \              0x00 0x00    
   \              0x00 0x00    
   \              0x00 0x00    
   \              0x00 0x00    
   \              0x00         
   \   0000001B   0x00 0x00          DC8 0, 0, 0, 0, 0, 0, 0, 0, 0, 0, 0, 0, 0
   \              0x00 0x00    
   \              0x00 0x00    
   \              0x00 0x00    
   \              0x00 0x00    
   \              0x00 0x00    
   \              0x00         

   \                                 In section .rodata, align 4, keep-with-next
   \   __absolute struct <unnamed> const TOKEN_STACK_RF4CE_DATA_DEFAULTS
   \                     TOKEN_STACK_RF4CE_DATA_DEFAULTS:
   \   00000000   0xFF 0xFF          DC8 255, 255, -1, 255
   \              0xFF 0xFF    
   \   00000004   0xFFFF 0xFFFF      DC16 65535, 65535, 65535
   \              0xFFFF       
   \   0000000A   0xFF 0xFF          DC8 255, 255, 255, 255, 255, 255, 255, 255, 255, 255, 255, 255, 255
   \              0xFF 0xFF    
   \              0xFF 0xFF    
   \              0xFF 0xFF    
   \              0xFF 0xFF    
   \              0xFF 0xFF    
   \              0xFF         
   \   00000017   0xFF 0xFF          DC8 255, 255, 255, 255, 255, 255, 255, 255, 255, 255, 255, 255, 255
   \              0xFF 0xFF    
   \              0xFF 0xFF    
   \              0xFF 0xFF    
   \              0xFF 0xFF    
   \              0xFF 0xFF    
   \              0xFF         
   \   00000024   0xFF 0xFF          DC8 255, 255, 255, 255, 255, 255, 255, 0
   \              0xFF 0xFF    
   \              0xFF 0xFF    
   \              0xFF 0x00    

   \                                 In section .rodata, align 4, keep-with-next
   \   __absolute struct <unnamed> const TOKEN_STACK_RF4CE_PAIRING_TABLE_DEFAULTS
   \                     TOKEN_STACK_RF4CE_PAIRING_TABLE_DEFAULTS:
   \   00000000   0xFFFF             DC16 65535
   \   00000002   0xFF 0xFF          DC8 255, 255, 255, 255, 255, 255, 255, 255, 255, 0
   \              0xFF 0xFF    
   \              0xFF 0xFF    
   \              0xFF 0xFF    
   \              0xFF 0x00    
   \   0000000C   0xFFFF 0xFFFF      DC16 65535, 65535
   \   00000010   0xFF 0xFF          DC8 255, 255, 255, 255, 255, 255, 255, 255, 255, 255, 255, 255, 255
   \              0xFF 0xFF    
   \              0xFF 0xFF    
   \              0xFF 0xFF    
   \              0xFF 0xFF    
   \              0xFF 0xFF    
   \              0xFF         
   \   0000001D   0xFF 0xFF          DC8 255, 255, 255, 255, 0, 0, 0
   \              0xFF 0xFF    
   \              0x00 0x00    
   \              0x00         

   \                                 In section .rodata, align 1, keep-with-next
   \   __absolute int8u const TOKEN_MFG_LIB_ENABLED_DEFAULTS
   \                     TOKEN_MFG_LIB_ENABLED_DEFAULTS:
   \   00000000   0x01               DC8 1

   \                                 In section .rodata, align 4, keep-with-next

      DEFINE_INDEXED_TOKEN(REPORT_TABLE,
      ^
"C:\Ember\EmberZNet5.3.0-GA\em35x\app\framework\util\tokens.h",47  Warning[Pe188]: 
          enumerated type mixed with another type
   \   __absolute struct <unnamed> const TOKEN_REPORT_TABLE_DEFAULTS
   \                     TOKEN_REPORT_TABLE_DEFAULTS:
   \   00000000   0x00 0x00          DC8 0, 0, 0, 0, 0, 0, 0, 0, 0, 0, 0, 0, 0, 0, 0, 0, 0, 0, 0, 0
   \              0x00 0x00    
   \              0x00 0x00    
   \              0x00 0x00    
   \              0x00 0x00    
   \              0x00 0x00    
   \              0x00 0x00    
   \              0x00 0x00    
   \              0x00 0x00    
   \              0x00 0x00    
     53          #undef TOKEN_DEF
     54          
     55          #define TOKEN_DEF(name,creator,iscnt,isidx,type,arraysize,...) \
     56            ((void *)&TOKEN_##name##_DEFAULTS),

   \                                 In section .rodata, align 4, keep-with-next
     57            const void * const tokenDefaults[] = {
   \                     tokenDefaults:
   \   00000000   0x........         DC32 TOKEN_STACK_NVDATA_VERSION_DEFAULTS
   \   00000004   0x........         DC32 TOKEN_STACK_APS_FRAME_COUNTER_DEFAULTS
   \   00000008   0x........         DC32 TOKEN_STACK_ALTERNATE_KEY_DEFAULTS
   \   0000000C   0x........         DC32 TOKEN_STACK_BOOT_COUNTER_DEFAULTS
   \   00000010   0x........         DC32 TOKEN_STACK_NONCE_COUNTER_DEFAULTS
   \   00000014   0x........         DC32 TOKEN_STACK_ANALYSIS_REBOOT_DEFAULTS, TOKEN_STACK_KEYS_DEFAULTS
   \              0x........   
   \   0000001C   0x........         DC32 TOKEN_STACK_NODE_DATA_DEFAULTS, TOKEN_STACK_TRUST_CENTER_DEFAULTS
   \              0x........   
   \   00000024   0x........         DC32 TOKEN_STACK_NETWORK_MANAGEMENT_DEFAULTS
   \   00000028   0x........         DC32 TOKEN_STACK_PARENT_INFO_DEFAULTS, TOKEN_STACK_CAL_DATA_DEFAULTS
   \              0x........   
   \   00000030   0x........         DC32 TOKEN_MULTI_NETWORK_STACK_KEYS_DEFAULTS
   \   00000034   0x........         DC32 TOKEN_MULTI_NETWORK_STACK_NODE_DATA_DEFAULTS
   \   00000038   0x........         DC32 TOKEN_MULTI_NETWORK_STACK_ALTERNATE_KEY_DEFAULTS
   \   0000003C   0x........         DC32 TOKEN_MULTI_NETWORK_STACK_TRUST_CENTER_DEFAULTS
   \   00000040   0x........         DC32 TOKEN_MULTI_NETWORK_STACK_NETWORK_MANAGEMENT_DEFAULTS
   \   00000044   0x........         DC32 TOKEN_MULTI_NETWORK_STACK_PARENT_INFO_DEFAULTS
   \   00000048   0x........         DC32 TOKEN_MULTI_NETWORK_STACK_NONCE_COUNTER_DEFAULTS
   \   0000004C   0x........         DC32 TOKEN_STACK_BINDING_TABLE_DEFAULTS
   \   00000050   0x........         DC32 TOKEN_STACK_CHILD_TABLE_DEFAULTS, TOKEN_STACK_KEY_TABLE_DEFAULTS
   \              0x........   
   \   00000058   0x........         DC32 TOKEN_STACK_CERTIFICATE_TABLE_DEFAULTS
   \   0000005C   0x........         DC32 TOKEN_STACK_ZLL_DATA_DEFAULTS, TOKEN_STACK_ZLL_SECURITY_DEFAULTS
   \              0x........   
   \   00000064   0x........         DC32 TOKEN_STACK_RF4CE_DATA_DEFAULTS
   \   00000068   0x........         DC32 TOKEN_STACK_RF4CE_PAIRING_TABLE_DEFAULTS
   \   0000006C   0x........         DC32 TOKEN_MFG_LIB_ENABLED_DEFAULTS, TOKEN_REPORT_TABLE_DEFAULTS
   \              0x........   
     58              #include "stack/config/token-stack.h"
     59            };
     60          #undef TOKEN_DEF
     61          
     62          #undef DEFINETOKENS
     63          
     64          #undef TOKEN_MFG
     65          


   Section sizes:

   Bytes  Function/Label
   -----  --------------
       1  TOKEN_MFG_LIB_ENABLED_DEFAULTS
      20  TOKEN_MULTI_NETWORK_STACK_ALTERNATE_KEY_DEFAULTS
      20  TOKEN_MULTI_NETWORK_STACK_KEYS_DEFAULTS
       8  TOKEN_MULTI_NETWORK_STACK_NETWORK_MANAGEMENT_DEFAULTS
      16  TOKEN_MULTI_NETWORK_STACK_NODE_DATA_DEFAULTS
       4  TOKEN_MULTI_NETWORK_STACK_NONCE_COUNTER_DEFAULTS
      12  TOKEN_MULTI_NETWORK_STACK_PARENT_INFO_DEFAULTS
      28  TOKEN_MULTI_NETWORK_STACK_TRUST_CENTER_DEFAULTS
      20  TOKEN_REPORT_TABLE_DEFAULTS
      20  TOKEN_STACK_ALTERNATE_KEY_DEFAULTS
       2  TOKEN_STACK_ANALYSIS_REBOOT_DEFAULTS
       4  TOKEN_STACK_APS_FRAME_COUNTER_DEFAULTS
      16  TOKEN_STACK_BINDING_TABLE_DEFAULTS
       2  TOKEN_STACK_BOOT_COUNTER_DEFAULTS
       4  TOKEN_STACK_CAL_DATA_DEFAULTS
      92  TOKEN_STACK_CERTIFICATE_TABLE_DEFAULTS
      12  TOKEN_STACK_CHILD_TABLE_DEFAULTS
      20  TOKEN_STACK_KEYS_DEFAULTS
      28  TOKEN_STACK_KEY_TABLE_DEFAULTS
       8  TOKEN_STACK_NETWORK_MANAGEMENT_DEFAULTS
      16  TOKEN_STACK_NODE_DATA_DEFAULTS
       4  TOKEN_STACK_NONCE_COUNTER_DEFAULTS
       2  TOKEN_STACK_NVDATA_VERSION_DEFAULTS
      12  TOKEN_STACK_PARENT_INFO_DEFAULTS
      44  TOKEN_STACK_RF4CE_DATA_DEFAULTS
      36  TOKEN_STACK_RF4CE_PAIRING_TABLE_DEFAULTS
      28  TOKEN_STACK_TRUST_CENTER_DEFAULTS
      16  TOKEN_STACK_ZLL_DATA_DEFAULTS
      40  TOKEN_STACK_ZLL_SECURITY_DEFAULTS
      32  tokenArraySize
      60  tokenCreators
     116  tokenDefaults
      32  tokenIsCnt
      32  tokenSize

 
 807 bytes in section .rodata
 
 807 bytes of CONST memory

Errors: none
Warnings: 1
